INFO:__main__:para: <p id="p001">قال واضع هذا الكتاب لمّا أكملت لكم يا بنىّ هذا الكتاب الذى
هو جزء العلم فى الطبّ بكماله وبلغت الغاية فيه من وضوحه وبيانه
رأيت أن أكمله لكم بهذه المقالة التى هى جزء العمل باليد لأنّ
العمل باليد محسنه فى بلدنا وفى زماننا معدوم البتّة حتّى كاد أن
يدرس علمه وينقطع أثره وإنّما بقى منه رسوم يسيرة فى كتب الأوائل قد
صحّفته الأيدى وواقعه الخطاء والتشويش حتّى استغلقت معانيه وبعدت
فائدته، فرأيت أن أحييه وأؤلّف فيه هذه المقالة على طريق الشرح
والبيان والاختصار وأن آتى بصور حدائد الكّى وسائر آلات العمل إذ
هو من زيادة البيان ومن وكيد ما يحتاج اليه، والسبب الذى لا
يوجد صانع محسن بيده فى زماننا هذا لأنّ صناعة الطبّ طويلة
وينبغى لصاحبها أن يرتاض قبل ذلك فى علم التشريح الذى وصفه
جالينوس حتّى يقف على منافع الأعضاء وهيآتها ومزاجاتها واتّصالها
وانفصالها ومعرفة العظام والأعصاب والعضلات وعددها ومخارجها
والعروق النوابض والسواكن ومواضع مخارجها، ولذلك قال ابقرات
إنّ الأطبّاء بالاسم كثير وبالفعل قليل ولا سيّما فى صناعة اليد، وقد
ذكرنا نحن من ذلك طرفا فى المدخل من هذا الكتاب لأنّه من لم
يكن عالما بما ذكرنا من التشريح لم يخل أن يقع فى خطاء يقتل


الناس به كما قد شاهدت كثيرا ممّن تصوّر فى هذا العلم وادّعاه بغير علم
ولا دراية، وذلك أنّى رأيت طبيبا جاهلا قد شقّ على ورم خنزيرىّ
فى عنق امرأة فأبرى بعض شريانات العنق فنزف دم المرأة حتّى سقطت
ميتة بين يديه، ورأيت طبيبا آخر قد تقدّم فى اخراج حصاة لرجل
قد طعن فى السّن وكانت الحصاة كبيرة فتهوّر فأخرجها بقطعة من
جرم المثانة فمات الرجل الى نحو ثلاثة أيّام، وكنت قد دعيت الى
اخراجها فرأيت من عظم الحصاة وحال العليل ما قدّرت عليه ذلك،
ورأيت طبيبا آخر كان يرتزق عند بعض قوّاد بلدنا على الطبّ فحدث
لصبّى اسود كان عنده كسر فى ساقه بقرب العقب مع جرح فأسرع
الطبيب بجهله فشدّ الكسر على الجرح بالرفائد والجبائر شدّا وثيقا
ولم يترك للجرح تنفّسا ثم اطلقه على شهواته ثمّ تركه أيّاما وأمره أن لا
يحلّ الرباط حتّى تورّم ساقه وقدمه وأشرف على الهلاك فدعيت اليه
فأسرعت حل الرباط فنال الراحة واستقلّ من اوجاعه إلّا أنّ الفساد قد
كان استحكم فى العضو ولم أستطع ارداعه فلم يزل الفساد يسعى فى
العضو حتّى هلك، ورأيت طبيبا آخر بّط ورما سرطانيّا فتقرّح بعد
أيّام حتّى عظمت بلية صاحبه وذلك أنّ السرطان اذا كان محضا من
خلط سوداوىّ فإنّه لا ينبغى أن يعرض له بالحديد البتّة إلّا أن


يكون فى عضو يحتمل أن يستأصل جميعه، ولهذا يا بنّى ينبغى لكم
أن تعلموا أنّ العمل باليد ينقسم قسمين عمل تصحبه السلامة وعمل
يكون معه العطب فى اكثر الحالات وقد نبّهت فى كلّ مكان يأتى من
هذا الكتاب العمل الذى فيه الغرر والخوف فينبغى لكم أن تحذروه
وترفضوه لئلّا يجد الجاهل السبيل الى القول والطعن فخذوا لأنفسكم
بالحزم والحياطة ولمرضاكم بالرفق والتثبّت واستعملوا الطريق الافضل
المؤدى الى السلامة والعاقبة المحمودة وتنكّبوا الامراض الخطرة
العسيرة البرؤ ونزّهوا انفسكم عمّا تخافون أن يدخل عليكم الشبهة فى
دينكم ودنياكم فهو ابقى لجاهكم وارفع فى الدنيا والآخرة لأقداركم،
فقد قال جالينوس فى بعض وصاياه لا تداووا مرض سوء فتسمّوا أطبّاء
سوء،
وقد قسمت هذه المقالة على ثلثة ابواب، الباب الاوّل فى الكّى
بالنار والكّى بالدواء الحادّ مبّوب مرتّب من القرن الى القدم وصور
الآلات وحدائد الكّى وكلّ ما يحتاج اليه فى العمل باليد، والباب
الثانى فى الشقّ والبطّ والفصد والحجامة والجراحات وإخراج السهام
ونحو ذلك كلّه مبوّب مرتّب وصور الآلات، والباب الثالث فى الجبر
والخلع وعلاج الوثى ونحو ذلك مبوّب مرتّب من القرن الى القدم وصور
الآلات،</p>, para_counter: 1, s_counter: 1
INFO:__main__:arabic_lines: ['قال واضع هذا الكتاب لمّا أكملت لكم يا بنىّ هذا الكتاب الذى هو جزء العلم فى الطبّ بكماله وبلغت الغاية فيه من وضوحه وبيانه رأيت أن أكمله لكم بهذه المقالة التى هى جزء العمل باليد لأنّ العمل باليد محسنه فى بلدنا وفى زماننا معدوم البتّة حتّى كاد أن يدرس علمه وينقطع أثره', 'وإنّما بقى منه رسوم يسيرة فى كتب الأوائل قد صحّفته الأيدى وواقعه الخطاء والتشويش حتّى استغلقت معانيه وبعدت فائدته،', 'فرأيت أن أحييه وأؤلّف فيه هذه المقالة على طريق الشرح والبيان والاختصار وأن آتى بصور حدائد الكّى وسائر آلات العمل إذ هو من زيادة البيان ومن وكيد ما يحتاج اليه،', 'والسبب الذى لا يوجد صانع محسن بيده فى زماننا هذا لأنّ صناعة الطبّ طويلة وينبغى لصاحبها أن يرتاض قبل ذلك فى علم التشريح الذى وصفه جالينوس حتّى يقف على منافع الأعضاء وهيآتها ومزاجاتها واتّصالها وانفصالها ومعرفة العظام والأعصاب والعضلات وعددها ومخارجها والعروق النوابض والسواكن ومواضع مخارجها،', 'ولذلك قال ابقرات إنّ الأطبّاء بالاسم كثير وبالفعل قليل ولا سيّما فى صناعة اليد،', 'وقد ذكرنا نحن من ذلك طرفا فى المدخل من هذا الكتاب لأنّه من لم يكن عالما بما ذكرنا من التشريح لم يخل أن يقع فى خطاء يقتل الناس به كما قد شاهدت كثيرا ممّن تصوّر فى هذا العلم وادّعاه بغير علم ولا دراية،', 'وذلك أنّى رأيت طبيبا جاهلا قد شقّ على ورم خنزيرىّ فى عنق امرأة فأبرى بعض شريانات العنق فنزف دم المرأة حتّى سقطت ميتة بين يديه،', 'ورأيت طبيبا آخر قد تقدّم فى اخراج حصاة لرجل قد طعن فى السّن وكانت الحصاة كبيرة فتهوّر فأخرجها بقطعة من جرم المثانة فمات الرجل الى نحو ثلاثة أيّام،', 'وكنت قد دعيت الى اخراجها فرأيت من عظم الحصاة وحال العليل ما قدّرت عليه ذلك،', 'ورأيت طبيبا آخر كان يرتزق عند بعض قوّاد بلدنا على الطبّ فحدث لصبّى اسود كان عنده كسر فى ساقه بقرب العقب مع جرح فأسرع الطبيب بجهله فشدّ الكسر على الجرح بالرفائد والجبائر شدّا وثيقا ولم يترك للجرح تنفّسا ثم اطلقه على شهواته ثمّ تركه أيّاما وأمره أن لا يحلّ الرباط حتّى تورّم ساقه وقدمه وأشرف على الهلاك فدعيت اليه فأسرعت حل الرباط فنال الراحة واستقلّ من اوجاعه إلّا أنّ الفساد قد كان استحكم فى العضو ولم أستطع ارداعه فلم يزل الفساد يسعى فى العضو حتّى هلك،', 'ورأيت طبيبا آخر بّط ورما سرطانيّا فتقرّح بعد أيّام حتّى عظمت بلية صاحبه وذلك أنّ السرطان اذا كان محضا من خلط سوداوىّ فإنّه لا ينبغى أن يعرض له بالحديد البتّة إلّا أن يكون فى عضو يحتمل أن يستأصل جميعه،', 'ولهذا يا بنّى ينبغى لكم أن تعلموا أنّ العمل باليد ينقسم قسمين عمل تصحبه السلامة وعمل يكون معه العطب فى اكثر الحالات وقد نبّهت فى كلّ مكان يأتى من هذا الكتاب العمل الذى فيه الغرر والخوف فينبغى لكم أن تحذروه وترفضوه لئلّا يجد الجاهل السبيل الى القول والطعن فخذوا لأنفسكم بالحزم والحياطة ولمرضاكم بالرفق والتثبّت واستعملوا الطريق الافضل المؤدى الى السلامة والعاقبة المحمودة وتنكّبوا الامراض الخطرة العسيرة البرؤ ونزّهوا انفسكم عمّا تخافون أن يدخل عليكم الشبهة فى دينكم ودنياكم فهو ابقى لجاهكم وارفع فى الدنيا والآخرة لأقداركم،', 'فقد قال جالينوس فى بعض وصاياه لا تداووا مرض سوء فتسمّوا أطبّاء سوء،', 'وقد قسمت هذه المقالة على ثلثة ابواب،', 'الباب الاوّل فى الكّى بالنار والكّى بالدواء الحادّ مبّوب مرتّب من القرن الى القدم وصور الآلات وحدائد الكّى وكلّ ما يحتاج اليه فى العمل باليد،', 'والباب الثانى فى الشقّ والبطّ والفصد والحجامة والجراحات وإخراج السهام ونحو ذلك كلّه مبوّب مرتّب وصور الآلات،', 'والباب الثالث فى الجبر والخلع وعلاج الوثى ونحو ذلك مبوّب مرتّب من القرن الى القدم وصور الآلات،']
INFO:__main__:no. arabic lines: 17
INFO:__main__:total length of arabic lines: 3090
INFO:__main__:total length of input para: 3090
INFO:__main__:cleaned length of arabic lines: 2430
INFO:__main__:cleaned length of input para: 2430
INFO:__main__:para: <p id="p002" type="head">الباب الاوّل فى الكّى</p>, para_counter: 2, s_counter: 18
INFO:__main__:arabic_lines: ['الباب الاوّل فى الكّى']
INFO:__main__:no. arabic lines: 1
INFO:__main__:total length of arabic lines: 21
INFO:__main__:total length of input para: 21
INFO:__main__:cleaned length of arabic lines: 16
INFO:__main__:cleaned length of input para: 16
INFO:__main__:para: <p id="p001">قال واضع هذا الكتاب لمّا أكملت لكم يا بنىّ هذا الكتاب الذى
هو جزء العلم فى الطبّ بكماله وبلغت الغاية فيه من وضوحه وبيانه
رأيت أن أكمله لكم بهذه المقالة التى هى جزء العمل باليد لأنّ
العمل باليد محسنه فى بلدنا وفى زماننا معدوم البتّة حتّى كاد أن
يدرس علمه وينقطع أثره وإنّما بقى منه رسوم يسيرة فى كتب الأوائل قد
صحّفته الأيدى وواقعه الخطاء والتشويش حتّى استغلقت معانيه وبعدت
فائدته، فرأيت أن أحييه وأؤلّف فيه هذه المقالة على طريق الشرح
والبيان والاختصار وأن آتى بصور حدائد الكّى وسائر آلات العمل إذ
هو من زيادة البيان ومن وكيد ما يحتاج اليه، والسبب الذى لا
يوجد صانع محسن بيده فى زماننا هذا لأنّ صناعة الطبّ طويلة
وينبغى لصاحبها أن يرتاض قبل ذلك فى علم التشريح الذى وصفه
جالينوس حتّى يقف على منافع الأعضاء وهيآتها ومزاجاتها واتّصالها
وانفصالها ومعرفة العظام والأعصاب والعضلات وعددها ومخارجها
والعروق النوابض والسواكن ومواضع مخارجها، ولذلك قال ابقرات
إنّ الأطبّاء بالاسم كثير وبالفعل قليل ولا سيّما فى صناعة اليد، وقد
ذكرنا نحن من ذلك طرفا فى المدخل من هذا الكتاب لأنّه من لم
يكن عالما بما ذكرنا من التشريح لم يخل أن يقع فى خطاء يقتل


الناس به كما قد شاهدت كثيرا ممّن تصوّر فى هذا العلم وادّعاه بغير علم
ولا دراية، وذلك أنّى رأيت طبيبا جاهلا قد شقّ على ورم خنزيرىّ
فى عنق امرأة فأبرى بعض شريانات العنق فنزف دم المرأة حتّى سقطت
ميتة بين يديه، ورأيت طبيبا آخر قد تقدّم فى اخراج حصاة لرجل
قد طعن فى السّن وكانت الحصاة كبيرة فتهوّر فأخرجها بقطعة من
جرم المثانة فمات الرجل الى نحو ثلاثة أيّام، وكنت قد دعيت الى
اخراجها فرأيت من عظم الحصاة وحال العليل ما قدّرت عليه ذلك،
ورأيت طبيبا آخر كان يرتزق عند بعض قوّاد بلدنا على الطبّ فحدث
لصبّى اسود كان عنده كسر فى ساقه بقرب العقب مع جرح فأسرع
الطبيب بجهله فشدّ الكسر على الجرح بالرفائد والجبائر شدّا وثيقا
ولم يترك للجرح تنفّسا ثم اطلقه على شهواته ثمّ تركه أيّاما وأمره أن لا
يحلّ الرباط حتّى تورّم ساقه وقدمه وأشرف على الهلاك فدعيت اليه
فأسرعت حل الرباط فنال الراحة واستقلّ من اوجاعه إلّا أنّ الفساد قد
كان استحكم فى العضو ولم أستطع ارداعه فلم يزل الفساد يسعى فى
العضو حتّى هلك، ورأيت طبيبا آخر بّط ورما سرطانيّا فتقرّح بعد
أيّام حتّى عظمت بلية صاحبه وذلك أنّ السرطان اذا كان محضا من
خلط سوداوىّ فإنّه لا ينبغى أن يعرض له بالحديد البتّة إلّا أن


يكون فى عضو يحتمل أن يستأصل جميعه، ولهذا يا بنّى ينبغى لكم
أن تعلموا أنّ العمل باليد ينقسم قسمين عمل تصحبه السلامة وعمل
يكون معه العطب فى اكثر الحالات وقد نبّهت فى كلّ مكان يأتى من
هذا الكتاب العمل الذى فيه الغرر والخوف فينبغى لكم أن تحذروه
وترفضوه لئلّا يجد الجاهل السبيل الى القول والطعن فخذوا لأنفسكم
بالحزم والحياطة ولمرضاكم بالرفق والتثبّت واستعملوا الطريق الافضل
المؤدى الى السلامة والعاقبة المحمودة وتنكّبوا الامراض الخطرة
العسيرة البرؤ ونزّهوا انفسكم عمّا تخافون أن يدخل عليكم الشبهة فى
دينكم ودنياكم فهو ابقى لجاهكم وارفع فى الدنيا والآخرة لأقداركم،
فقد قال جالينوس فى بعض وصاياه لا تداووا مرض سوء فتسمّوا أطبّاء
سوء،
وقد قسمت هذه المقالة على ثلثة ابواب، الباب الاوّل فى الكّى
بالنار والكّى بالدواء الحادّ مبّوب مرتّب من القرن الى القدم وصور
الآلات وحدائد الكّى وكلّ ما يحتاج اليه فى العمل باليد، والباب
الثانى فى الشقّ والبطّ والفصد والحجامة والجراحات وإخراج السهام
ونحو ذلك كلّه مبوّب مرتّب وصور الآلات، والباب الثالث فى الجبر
والخلع وعلاج الوثى ونحو ذلك مبوّب مرتّب من القرن الى القدم وصور
الآلات،</p>, para_counter: 1, s_counter: 1
INFO:__main__:arabic_lines: ['قال واضع هذا الكتاب لمّا أكملت لكم يا بنىّ هذا الكتاب الذى هو جزء العلم فى الطبّ بكماله وبلغت الغاية فيه من وضوحه وبيانه رأيت أن أكمله لكم بهذه المقالة التى هى جزء العمل باليد لأنّ العمل باليد محسنه فى بلدنا وفى زماننا معدوم البتّة حتّى كاد أن يدرس علمه وينقطع أثره.', 'وإنّما بقى منه رسوم يسيرة فى كتب الأوائل قد صحّفته الأيدى وواقعه الخطاء والتشويش حتّى استغلقت معانيه وبعدت فائدته، فرأيت أن أحييه وأؤلّف فيه هذه المقالة على طريق الشرح والبيان والاختصار وأن آتى بصور حدائد الكّى وسائر آلات العمل إذ هو من زيادة البيان ومن وكيد ما يحتاج اليه،', 'والسبب الذى لا يوجد صانع محسن بيده فى زماننا هذا لأنّ صناعة الطبّ طويلة وينبغى لصاحبها أن يرتاض قبل ذلك فى علم التشريح الذى وصفه جالينوس حتّى يقف على منافع الأعضاء وهيآتها ومزاجاتها واتّصالها وانفصالها ومعرفة العظام والأعصاب والعضلات وعددها ومخارجها والعروق النوابض والسواكن ومواضع مخارجها،', 'ولذلك قال ابقرات إنّ الأطبّاء بالاسم كثير وبالفعل قليل ولا سيّما فى صناعة اليد، وقد ذكرنا نحن من ذلك طرفا فى المدخل من هذا الكتاب لأنّه من لم يكن عالما بما ذكرنا من التشريح لم يخل أن يقع فى خطاء يقتل الناس به كما قد شاهدت كثيرا ممّن تصوّر فى هذا العلم وادّعاه بغير علم ولا دراية،', 'وذلك أنّى رأيت طبيبا جاهلا قد شقّ على ورم خنزيرىّ فى عنق امرأة فأبرى بعض شريانات العنق فنزف دم المرأة حتّى سقطت ميتة بين يديه،', 'ورأيت طبيبا آخر قد تقدّم فى اخراج حصاة لرجل قد طعن فى السّن وكانت الحصاة كبيرة فتهوّر فأخرجها بقطعة من جرم المثانة فمات الرجل الى نحو ثلاثة أيّام،', 'وكنت قد دعيت الى اخراجها فرأيت من عظم الحصاة وحال العليل ما قدّرت عليه ذلك،', 'ورأيت طبيبا آخر كان يرتزق عند بعض قوّاد بلدنا على الطبّ فحدث لصبّى اسود كان عنده كسر فى ساقه بقرب العقب مع جرح فأسرع الطبيب بجهله فشدّ الكسر على الجرح بالرفائد والجبائر شدّا وثيقا ولم يترك للجرح تنفّسا ثم اطلقه على شهواته ثمّ تركه أيّاما وأمره أن لا يحلّ الرباط حتّى تورّم ساقه وقدمه وأشرف على الهلاك فدعيت اليه فأسرعت حل الرباط فنال الراحة واستقلّ من اوجاعه إلّا أنّ الفساد قد كان استحكم فى العضو ولم أستطع ارداعه فلم يزل الفساد يسعى فى العضو حتّى هلك،', 'ورأيت طبيبا آخر بّط ورما سرطانيّا فتقرّح بعد أيّام حتّى عظمت بلية صاحبه وذلك أنّ السرطان اذا كان محضا من خلط سوداوىّ فإنّه لا ينبغى أن يعرض له بالحديد البتّة إلّا أن يكون فى عضو يحتمل أن يستأصل جميعه،', 'ولهذا يا بنّى ينبغى لكم أن تعلموا أنّ العمل باليد ينقسم قسمين عمل تصحبه السلامة وعمل يكون معه العطب فى اكثر الحالات وقد نبّهت فى كلّ مكان يأتى من هذا الكتاب العمل الذى فيه الغرر والخوف فينبغى لكم أن تحذروه وترفضوه لئلّا يجد الجاهل السبيل الى القول والطعن فخذوا لأنفسكم بالحزم والحياطة ولمرضاكم بالرفق والتثبّت واستعملوا الطريق الافضل المؤدى الى السلامة والعاقبة المحمودة وتنكّبوا الامراض الخطرة العسيرة البرؤ ونزّهوا انفسكم عمّا تخافون أن يدخل عليكم الشبهة فى دينكم ودنياكم فهو ابقى لجاهكم وارفع فى الدنيا والآخرة لأقداركم،', 'فقد قال جالينوس فى بعض وصاياه لا تداووا مرض سوء فتسمّوا أطبّاء سوء،', 'وقد قسمت هذه المقالة على ثلثة ابواب،', 'الباب الاوّل فى الكّى بالنار والكّى بالدواء الحادّ مبّوب مرتّب من القرن الى القدم وصور الآلات وحدائد الكّى وكلّ ما يحتاج اليه فى العمل باليد،', 'والباب الثانى فى الشقّ والبطّ والفصد والحجامة والجراحات وإخراج السهام ونحو ذلك كلّه مبوّب مرتّب وصور الآلات،', 'والباب الثالث فى الجبر والخلع وعلاج الوثى ونحو ذلك مبوّب مرتّب من القرن الى القدم وصور الآلات،']
INFO:__main__:no. arabic lines: 15
INFO:__main__:total length of arabic lines: 3091
INFO:__main__:total length of input para: 3090
INFO:__main__:cleaned length of arabic lines: 2430
INFO:__main__:cleaned length of input para: 2430
INFO:__main__:para: <p id="p002" type="head">الباب الاوّل فى الكّى</p>, para_counter: 2, s_counter: 16
INFO:__main__:arabic_lines: ['الباب الاوّل فى الكّى']
INFO:__main__:no. arabic lines: 1
INFO:__main__:total length of arabic lines: 21
INFO:__main__:total length of input para: 21
INFO:__main__:cleaned length of arabic lines: 16
INFO:__main__:cleaned length of input para: 16
INFO:__main__:para: <p id="p003">وقبل أن نذكر العمل به ينبغى أن نذكر
كيفيّة منافعه ومضارّه وفى اىّ مزاج يستعمل، فأقول إنّ الكلام فى
كيفيّة منفعة الكّى ومضارّه كلام طويل وعلم دقيق وسرّ خفىّ وقد تكلّم
فيه جماعة من الحكماء واختلفوا فيه وقد اختصرت من كلامهم اليسير
مخافة التطويل، فأقول إنّ الكّى ينفع بالجملة لكلّ سوء مزاج يكون مع
مادّة وبغير مادّة حاشى مزاجين وهما المزاج الحارّ من غير مادّة
والمزاج اليابس من غير مادّة فأمّا المزاج اليابس مع مادّة فقد
اختلفوا فيه فقال بعضهم إنّ الكّى نافع فيه وقال آخرون بضدّ ذلك
إنّ الكّى لا يصلح فى مرض يكون من الحرارة واليبوسة لأنّ طبع النار
الحرارة واليبوسة ومن المحال أن يستشفى من مرض حارّ يابس بدواء
حارّ يابس، وقال الذى يقول بضدّ ذلك إنّ الكّى بالنار قد ينفع
من مرض حارّ يابس يحدث فى ابدان الناس لأنّك متى اضفت بدن
الانسان ورطوبته الى مزاج النار اصبت بدن الانسان باردا، وأنا اقول
بقوله لأنّ التجربة قد كشفت لى ذلك مرّات الّا أنّه لا ينبغى أن
يتصوّر على ذلك الأمر الّا من قد ارتاض ودرب فى باب الكّى دربة
بالغة ووقف على اختلاف مزاجات الناس وحال الامراض فى انفسها
واسبابها واعراضها ومدّة زمانها، وأمّا سائر الامزجة فلا خوف عليك


منها ولا سيّما الامراض الباردة الرطبة فقد اتّفق جميع الاطبّاء عليها
ولم يختلفوا فى النفع بالكّى فيها، واعلموا يا بنّى أنّ من سرّ التعالج
الكّى بالنار وفضله على الكّى بالدواء المحرق لأنّ النار جوهر مفرد لا
يتعدّى فعله العضو الذى كوى ولا يضرّ بعضو آخر متّصل به إلّا ضررا
يسيرا، والكّى بالدواء المحرق قد يتعدّى فعله الى ما بعد من
الاعضاء وربّما احدث فى العضو مرضا تعسر مداواته وربّما قتل، والنار
لشرفها وكرم جوهرها لا تفعل ذلك الّا أن افرطت، وقد اتّضح لنا
ذلك بالتجربة لطول الخدمة والعناية بالصناعة والوقوف على حقائق
الأمر ولهذا استغنيت عن طول الكلام، ولو لا أنّه لا يليق بكتابى
هذا لأوردت عليكم فى النار سرّا غامضا وكيفيّة فعلها فى الاجسام
ونفيها للامراض بكلام فلسفىّ برهانّى يدقّ عن افهامكم،
واعلموا يا بنّى أنّهم قد اختلفوا فى الزمان الذى يصلح فيه الكّى
وجعلوا افضل الزمان زمان الربيع، وأنا اقول إنّ الكّى قد يصلح
فى كل زمان من اجل أنّ الضرر الواقع من قبل الزمان يستغرق فى
المنفعة التى تستجلب بالكّى ولا سيّما إن كان الكّى من اوجاع ضروريّة
قويّة محفدة لا تحتمل التأخير لما يخاف منها أن يعقب ببلية هى اعظم
من يسير الضرر الداخل من قبل الزمان،


ولا يقع ببالكم يا بنّى ما يتوهّموه العامّة وجهّال الاطبّاء أنّ الكّى
الذى يبرئ من مرض مّا لا يكون لذلك عودة ابدا وتجعلوه لذاما،
وليس الامركما ظنّوا من اجل أنّ الكّى انّما هو بمنزلة الدواء الذى
يحيل المزاج ويجفّف الرطوبات التى هى سبب حدوث الاوجاع إلّا أنّ
الكّى يفضل على الدواء بسرعة نجحه وقوة فعله وشدّة سلطانه، وقد
يمكن أن يعود المرض وقتا مّا من الزمان على حسب مزاج العليل وتمكّن
مرضه وقوّته وما يتهيّأ فى جسمه من اجتماع الفضول فيه واهمال نفسه
فى اكتسابها من الاغذية ونحو ذلك من الاسباب، اللّهمّ الّا أن يكون
المرض الذى يستعمل فيه الكّى مرضا لطيفا وفى عضو قليل الفضول
والرطوبات مثل كّى الضرس عن الوجع ونحوه فقد يمكن أن لا يعود فيه
ذلك الوجع وذلك يكون فى الاقلّ،
وأمّا قول العامّة ايضا أنّ الكّى آخر الطّب فهو قول صواب لا الى
مايذهبون هم لأنّهم يعتقدون أن لا علاج ينفع بدواء ولا بغيره بعد
وقوع الكّى والامر بخلاف ذلك وإنّما معنى إنّ الكّى آخر الطّب إنّما
هو أنّنا متى استعملنا ضروب العلاج فى مرض من الامراض ولم تنجع
تلك الادوية ثمّ استعملنا آخر شىء الكّى فينجع فمن هاهنا وقع إنّ
الكّى آخر الطّب لا على المعنى الذى ذهب اليه العامّة وكثير من


جهّال الاطبّاء،
وقد ذكرت الاوائل أنّ الكّى بالذهب افضل من الكّى بالحديد وانّما
قالوا ذلك لاعتدال الذهب وشرف جوهره وقالوا إنّه لا يتقيّح موضع
الكّى وليس ذلك على الاطلاق لأنّنى قد جرّبت ذلك فوجدته انّما يفعل
ذلك فى بعض الابدان دون بعض والكّى به احسن وافضل من الحديد
كما قالوا الّا أنّك اذا احميت المكواة فى النار من الذهب لم يتبيّن
لك متى تحمى على القدر الذى تريد لحمرة الذهب ولأنّه يسرع اليه
البرد وإن زدت عليه فى الحمى ذاب فى النار وانسبك فيقع الصانع
من ذلك فى شغل فلذلك صار الكى بالحديد عندنا اسرع واقرب من
الصواب للعمل إن شاء الله وقد رتّبت هذا الباب فى الكّى على فصول
نظّمتها من الرأس الى القدم ليسهل على الطالب ما يريد منه إن شاء
الله،</p>, para_counter: 3, s_counter: 17
INFO:__main__:arabic_lines: ['وقبل أن نذكر العمل به ينبغى أن نذكر كيفيّة منافعه ومضارّه وفى اىّ مزاج يستعمل،', 'فأقول إنّ الكلام فى كيفيّة منفعة الكّى ومضارّه كلام طويل وعلم دقيق وسرّ خفىّ وقد تكلّم فيه جماعة من الحكماء واختلفوا فيه وقد اختصرت من كلامهم اليسير مخافة التطويل،', 'فأقول إنّ الكّى ينفع بالجملة لكلّ سوء مزاج يكون مع مادّة وبغير مادّة حاشى مزاجين وهما المزاج الحارّ من غير مادّة والمزاج اليابس من غير مادّة فأمّا المزاج اليابس مع مادّة فقد اختلفوا فيه فقال بعضهم إنّ الكّى نافع فيه وقال آخرون بضدّ ذلك إنّ الكّى لا يصلح فى مرض يكون من الحرارة واليبوسة لأنّ طبع النار الحرارة واليبوسة ومن المحال أن يستشفى من مرض حارّ يابس بدواء حارّ يابس،', 'وقال الذى يقول بضدّ ذلك إنّ الكّى بالنار قد ينفع من مرض حارّ يابس يحدث فى ابدان الناس لأنّك متى اضفت بدن الانسان ورطوبته الى مزاج النار اصبت بدن الانسان باردا،', 'وأنا اقول بقوله لأنّ التجربة قد كشفت لى ذلك مرّات الّا أنّه لا ينبغى أن يتصوّر على ذلك الأمر الّا من قد ارتاض ودرب فى باب الكّى دربة بالغة ووقف على اختلاف مزاجات الناس وحال الامراض فى انفسها واسبابها واعراضها ومدّة زمانها،', 'وأمّا سائر الامزجة فلا خوف عليك منها ولا سيّما الامراض الباردة الرطبة فقد اتّفق جميع الاطبّاء عليها ولم يختلفوا فى النفع بالكّى فيها،', 'واعلموا يا بنّى أنّ من سرّ التعالج الكّى بالنار وفضله على الكّى بالدواء المحرق لأنّ النار جوهر مفرد لا يتعدّى فعله العضو الذى كوى ولا يضرّ بعضو آخر متّصل به إلّا ضررا يسيرا،', 'والكّى بالدواء المحرق قد يتعدّى فعله الى ما بعد من الاعضاء وربّما احدث فى العضو مرضا تعسر مداواته وربّما قتل،', 'والنار لشرفها وكرم جوهرها لا تفعل ذلك الّا أن افرطت، وقد اتّضح لنا ذلك بالتجربة لطول الخدمة والعناية بالصناعة والوقوف على حقائق الأمر ولهذا استغنيت عن طول الكلام، ولو لا أنّه لا يليق بكتابى هذا لأوردت عليكم فى النار سرّا غامضا وكيفيّة فعلها فى الاجسام ونفيها للامراض بكلام فلسفىّ برهانّى يدقّ عن افهامكم،', 'واعلموا يا بنّى أنّهم قد اختلفوا فى الزمان الذى يصلح فيه الكّى وجعلوا افضل الزمان زمان الربيع،', 'وأنا اقول إنّ الكّى قد يصلح فى كل زمان من اجل أنّ الضرر الواقع من قبل الزمان يستغرق فى المنفعة التى تستجلب بالكّى ولا سيّما إن كان الكّى من اوجاع ضروريّة قويّة محفدة لا تحتمل التأخير لما يخاف منها أن يعقب ببلية هى اعظم من يسير الضرر الداخل من قبل الزمان،', 'ولا يقع ببالكم يا بنّى ما يتوهّموه العامّة وجهّال الاطبّاء أنّ الكّى الذى يبرئ من مرض مّا لا يكون لذلك عودة ابدا وتجعلوه لذاما، وليس الامركما ظنّوا من اجل أنّ الكّى انّما هو بمنزلة الدواء الذى يحيل المزاج ويجفّف الرطوبات التى هى سبب حدوث الاوجاع إلّا أنّ الكّى يفضل على الدواء بسرعة نجحه وقوة فعله وشدّة سلطانه،', 'وقد يمكن أن يعود المرض وقتا مّا من الزمان على حسب مزاج العليل وتمكّن مرضه وقوّته وما يتهيّأ فى جسمه من اجتماع الفضول فيه واهمال نفسه فى اكتسابها من الاغذية ونحو ذلك من الاسباب، اللّهمّ الّا أن يكون المرض الذى يستعمل فيه الكّى مرضا لطيفا وفى عضو قليل الفضول والرطوبات مثل كّى الضرس عن الوجع ونحوه فقد يمكن أن لا يعود فيه ذلك الوجع وذلك يكون فى الاقلّ،', 'وأمّا قول العامّة ايضا أنّ الكّى آخر الطّب فهو قول صواب لا الى مايذهبون هم لأنّهم يعتقدون أن لا علاج ينفع بدواء ولا بغيره بعد وقوع الكّى والامر بخلاف ذلك وإنّما معنى إنّ الكّى آخر الطّب إنّما هو أنّنا متى استعملنا ضروب العلاج فى مرض من الامراض ولم تنجع تلك الادوية ثمّ استعملنا آخر شىء الكّى فينجع فمن هاهنا وقع إنّ الكّى آخر الطّب لا على المعنى الذى ذهب اليه العامّة وكثير من جهّال الاطبّاء،', 'وقد ذكرت الاوائل أنّ الكّى بالذهب افضل من الكّى بالحديد وانّما قالوا ذلك لاعتدال الذهب وشرف جوهره وقالوا إنّه لا يتقيّح موضع الكّى وليس ذلك على الاطلاق لأنّنى قد جرّبت ذلك فوجدته انّما يفعل ذلك فى بعض الابدان دون بعض والكّى به احسن وافضل من الحديد كما قالوا الّا أنّك اذا احميت المكواة فى النار من الذهب لم يتبيّن لك متى تحمى على القدر الذى تريد لحمرة الذهب ولأنّه يسرع اليه البرد وإن زدت عليه فى الحمى ذاب فى النار وانسبك فيقع الصانع من ذلك فى شغل فلذلك صار الكى بالحديد عندنا اسرع واقرب من الصواب للعمل إن شاء الله وقد رتّبت هذا الباب فى الكّى على فصول نظّمتها من الرأس الى القدم ليسهل على الطالب ما يريد منه إن شاء الله،']
INFO:__main__:no. arabic lines: 15
INFO:__main__:total length of arabic lines: 3751
INFO:__main__:total length of input para: 3751
INFO:__main__:cleaned length of arabic lines: 2882
INFO:__main__:cleaned length of input para: 2882
INFO:__main__:para: <p id="p004" type="head">الفصل الاوّل فى كىّ الرأس كيّة واحدة</p>, para_counter: 4, s_counter: 32
INFO:__main__:arabic_lines: ['الفصل الاوّل فى كىّ الرأس كيّة واحدة']
INFO:__main__:no. arabic lines: 1
INFO:__main__:total length of arabic lines: 36
INFO:__main__:total length of input para: 36
INFO:__main__:cleaned length of arabic lines: 27
INFO:__main__:cleaned length of input para: 27
INFO:__main__:para: <p id="p005">تنفع هذه الكيّة من غلبة الرطوبة والبرودة على الدماغ اللتين هما
سبب للصداع وكثرة النزلات من الرأس الى ناحية العينين والاذنين
وكثرة النوم ووجع الاسنان واوجاع الحلق وبالجملة لكلّ مرض يعرض من
البرودة كالفالج والصرع والسكات ونحوها من الامراض،
صورة هذه الكيّة أن تأمر العليل اوّلا بالاستفراغ بالدواء المسهل
المنقى للرأس ثلاث ليال او اربع على حسب ما توجب قوّة العليل وسنّه:
وعادته ثمّ تأمره أن يحلق رأسه بالموسى ثمّ تقعده بين يديك متربعا
قد وضع يديه على صدره ثمّ تضع اصل كفّك على اصل انفه بين عينيه
فحيث انتهى اصبعك الوسطى فعلّم ذلك الموضع بالمداد ثمّ احم
المكواة الزيتونيّة التى هذه صورتها:


انكشف من العظم قدر رأس الخلال او قدر حبّة الكرسنّة فارفع يدك والّا
فأعد يدك بالحديدة نفسها او بغيرها إن بردت حتّى ترى من العظم
ما ذكرت لك ثمّ خذ شيئا من ملح فحلّه فى الماء وشرّب فيه قطنة
وضعها على الموضع واتركه ثلاث ايّام ثمّ احمل عليه قطنة مشرّبة فى
السمن واتركها عليه حتّى تذهب الخشكريشة من النار ثمّ عالجه بالمرهم
الرباعىّ الى أن يبرأ إن شاء الله، وقد قالوا ان الجرح كلّما بقى
مفتوحا يمدّ القيح فهو افضل وانفع، وذكر بعضهم بأن يكوى الجلد
الى العظم وتمسك المكواة حتّى يحترق بعض ثخن العظم ثمّ يجرّد بعد
ذلك ما احترق من العظم ثمّ يعالج، وقال آخرون ينبغى أن
يبالغ بالكّى حتّى يؤثر فى العظم تأثيرا قويّا حتّى يسقط من العظم
كهيئة القيراط اوالفلكة الصغيرة وزعموا انّه ينفّس من ذلك الموضع ابخرة
الرأس ويترك الجرح مفتوحا زمانا طويلا ثمّ يعالج حتّى يندمل،
ولست أرى هذين النوعين من الكّى البتّة الّا فى بعض الناس وعلى
طريق الغرر وتركه عندى افضل ومع السلامة اذا كانت فإنّ الرأس يعضف
متى تفرّق اتصاله الطبيعىّ كما قد شاهدناه فى سائر الاعضاء ولا سيّما
متى كان رأس العليل ضعيفا بالطبع والنوع الاوّل من الكّى اسلم وافضل
عندى واياه استعمل فاعمل به تسلم إن شاء الله،</p>, para_counter: 5, s_counter: 33
INFO:__main__:arabic_lines: ['تنفع هذه الكيّة من غلبة الرطوبة والبرودة على الدماغ اللتين هما سبب للصداع وكثرة النزلات من الرأس الى ناحية العينين والاذنين وكثرة النوم ووجع الاسنان واوجاع الحلق وبالجملة لكلّ مرض يعرض من البرودة كالفالج والصرع والسكات ونحوها من الامراض،', 'صورة هذه الكيّة أن تأمر العليل اوّلا بالاستفراغ بالدواء المسهل المنقى للرأس ثلاث ليال او اربع على حسب ما توجب قوّة العليل وسنّه: وعادته ثمّ تأمره أن يحلق رأسه بالموسى ثمّ تقعده بين يديك متربعا قد وضع يديه على صدره ثمّ تضع اصل كفّك على اصل انفه بين عينيه فحيث انتهى اصبعك الوسطى فعلّم ذلك الموضع بالمداد ثمّ احم المكواة الزيتونيّة التى هذه صورتها:', 'انكشف من العظم قدر رأس الخلال او قدر حبّة الكرسنّة فارفع يدك والّا فأعد يدك بالحديدة نفسها او بغيرها إن بردت حتّى ترى من العظم ما ذكرت لك ثمّ خذ شيئا من ملح فحلّه فى الماء وشرّب فيه قطنة وضعها على الموضع واتركه ثلاث ايّام ثمّ احمل عليه قطنة مشرّبة فى السمن واتركها عليه حتّى تذهب الخشكريشة من النار ثمّ عالجه بالمرهم الرباعىّ الى أن يبرأ إن شاء الله،', 'وقد قالوا ان الجرح كلّما بقى مفتوحا يمدّ القيح فهو افضل وانفع،', 'وذكر بعضهم بأن يكوى الجلد الى العظم وتمسك المكواة حتّى يحترق بعض ثخن العظم ثمّ يجرّد بعد ذلك ما احترق من العظم ثمّ يعالج،', 'وقال آخرون ينبغى أن يبالغ بالكّى حتّى يؤثر فى العظم تأثيرا قويّا حتّى يسقط من العظم كهيئة القيراط اوالفلكة الصغيرة وزعموا انّه ينفّس من ذلك الموضع ابخرة الرأس ويترك الجرح مفتوحا زمانا طويلا ثمّ يعالج حتّى يندمل،', 'ولست أرى هذين النوعين من الكّى البتّة الّا فى بعض الناس وعلى طريق الغرر وتركه عندى افضل ومع السلامة اذا كانت فإنّ الرأس يعضف متى تفرّق اتصاله الطبيعىّ كما قد شاهدناه فى سائر الاعضاء ولا سيّما متى كان رأس العليل ضعيفا بالطبع والنوع الاوّل من الكّى اسلم وافضل عندى واياه استعمل فاعمل به تسلم إن شاء الله،']
INFO:__main__:no. arabic lines: 7
INFO:__main__:total length of arabic lines: 1635
INFO:__main__:total length of input para: 1635
INFO:__main__:cleaned length of arabic lines: 1277
INFO:__main__:cleaned length of input para: 1277
INFO:__main__:para: <p id="p006" type="head">الفصل الثانى فى كىّ الرأس أيضا</p>, para_counter: 6, s_counter: 40
INFO:__main__:arabic_lines: ['الفصل الثانى فى كىّ الرأس أيضا']
INFO:__main__:no. arabic lines: 1
INFO:__main__:total length of arabic lines: 30
INFO:__main__:total length of input para: 30
INFO:__main__:cleaned length of arabic lines: 24
INFO:__main__:cleaned length of input para: 24
INFO:__main__:para: <p id="p007">اذا حدث فى جملة الرأس وجع مزمن وطال ذلك بالعليل
واستعمل الإيارجات والقوقايات والسعوطات والأدهان والضمادات ولا
سيّما إن كان قد كوى الكيّة الواحدة التى وصفنا فلم ينفعه شىء من
ذلك فانظر فإن كان رأس العليل قوّى البنية بالطبع ولم يكن ضعيفا
وكان يجد بردا شديدا فاكوه كيّة أخرى فوق تلك قليلا ثمّ اكوه على
كلّ قرن من رأسه كيّة حتّى يذهب ثخن الجلد وينكشف من العظم
القدر الذى وصفنا واكوه كيّة فى مؤّخّر رأسه فى الموضع الذى يعرف
بالفأس وخفّف يدك فى هذه ولا تكشف العظم فإنّ العليل يجد
لها ألما شديدا خلاف ألم سائر كيّات الرأس كلّها وسأذكر هذه
الكيّة فى موضعها، وينبغى أن تكون المكواة التى يكوى بها قرنا
الرأس ومؤخّره ألطف من المكواة التى يكوى بها وسط الرأس وهذه
صورتها:
</p>, para_counter: 7, s_counter: 41
INFO:__main__:arabic_lines: ['اذا حدث فى جملة الرأس وجع مزمن وطال ذلك بالعليل واستعمل الإيارجات والقوقايات والسعوطات والأدهان والضمادات ولا سيّما إن كان قد كوى الكيّة الواحدة التى وصفنا فلم ينفعه شىء من ذلك فانظر فإن كان رأس العليل قوّى البنية بالطبع ولم يكن ضعيفا وكان يجد بردا شديدا فاكوه كيّة أخرى فوق تلك قليلا.', 'ثمّ اكوه على كلّ قرن من رأسه كيّة حتّى يذهب ثخن الجلد وينكشف من العظم القدر الذى وصفنا.', 'واكوه كيّة فى مؤّخّر رأسه فى الموضع الذى يعرف بالفأس وخفّف يدك فى هذه ولا تكشف العظم فإنّ العليل يجد لها ألما شديدا خلاف ألم سائر كيّات الرأس كلّها.', 'وسأذكر هذه الكيّة فى موضعها.', 'وينبغى أن تكون المكواة التى يكوى بها قرنا الرأس ومؤخّره ألطف من المكواة التى يكوى بها وسط الرأس.', 'وهذه صورتها:']
INFO:__main__:no. arabic lines: 6
INFO:__main__:total length of arabic lines: 661
INFO:__main__:total length of input para: 658
INFO:__main__:cleaned length of arabic lines: 515
INFO:__main__:cleaned length of input para: 515
INFO:__main__:para: <p id="p008" type="head">الفصل الثالث فى كىّ الشقيقة غير المزمنة</p>, para_counter: 8, s_counter: 47
INFO:__main__:arabic_lines: ['الفصل الثالث فى كىّ الشقيقة غير المزمنة']
INFO:__main__:no. arabic lines: 1
INFO:__main__:total length of arabic lines: 39
INFO:__main__:total length of input para: 39
INFO:__main__:cleaned length of arabic lines: 32
INFO:__main__:cleaned length of input para: 32
INFO:__main__:para: <p id="p009">اذا حدث فى شقّ الرأس وجع مع صداع وامتدّ الوجع الى العين
فاستفرغ العليل بالادوية المنقية للرأس واستعمل سائر العلاج الذى
ذكرت فى تقاسيم الامراض فإن لم ينجع ذلك فالكىّ فيها على وجهين
إمّا الكىّ بالدواء الحادّ المحرق وإمّا بالحديد، فأمّا الكىّ بالدواء
المحرق فهو أن تأخذ سنّا واحدا من الثوم فتقشره وتقطع اطرافه من
الجهتين ثمّ شقّ موضع الوجع من الصدغ بمبضع عريض حتّى يصير فيه
موضعا تحت الجلد يسع فيه السنّ فيدخل فيه تحت الجلد حتّى يغيب
ثمّ شدّ عليه برفائد شدّا محكما وتتركه قدر خمس عشرة ساعة ثمّ حلّه
وأخرج الثوم واترك الجرح يومين او ثلثة ثمّ احمل عليه قطنة مغموسة
فى السمن حتّى يقيح الموضع ثمّ تعالجه بالمرهم الى أن يبرأ إن شاء
اللّه، وإن شئت فعلت ذلك ببعض الادوية المحرقة التى آتيتها فى
المقالة الثامنة عشر فى الادوية المحرقة،


وأمّا كيّها بالحديد فعلى هذه الصفة: تحمى المكواة التى هذه
صورتها:

وتسمّى المكواة المسماريّة لأنّ رأسها كهيئة المسمار فيها بعض التقبيب
وفى وسطها نتوّ صغير، ثمّ تضعها على موضع الوجع وتمسك يدك وانت
تدير الحديدة قليلا قليلا، ويكون القدر الذى تحرق من ثخن الجلد
مثل نصفه وترفع يدك لكيلا تحرق الشريان الذى من اسفل فيحدث
النزف، ثمّ تشرّب قطنة فى ماء الملح وتضعها على الموضع وتتركه ثلثة
ايّام ثمّ تحمل القطنة بالسمن ثمّ تعالجه بالمرهم الى أن يبرأ إن شاء
الله، وإن شئت كويت هذه الشقيقة بالطرف السكّينىّ الناتى من المكواة
وتحفظ من قطع الشريان فى هذه الشقيقة غير المزمنة خاصّة،</p>, para_counter: 9, s_counter: 48
INFO:__main__:arabic_lines: ['اذا حدث فى شقّ الرأس وجع مع صداع وامتدّ الوجع الى العين فاستفرغ العليل بالادوية المنقية للرأس واستعمل سائر العلاج الذى ذكرت فى تقاسيم الامراض', 'فإن لم ينجع ذلك فالكىّ فيها على وجهين', 'إمّا الكىّ بالدواء الحادّ المحرق وإمّا بالحديد', 'فأمّا الكىّ بالدواء المحرق فهو أن تأخذ سنّا واحدا من الثوم فتقشره وتقطع اطرافه من الجهتين ثمّ شقّ موضع الوجع من الصدغ بمبضع عريض حتّى يصير فيه موضعا تحت الجلد يسع فيه السنّ فيدخل فيه تحت الجلد حتّى يغيب ثمّ شدّ عليه برفائد شدّا محكما وتتركه قدر خمس عشرة ساعة ثمّ حلّه وأخرج الثوم واترك الجرح يومين او ثلثة ثمّ احمل عليه قطنة مغموسة فى السمن حتّى يقيح الموضع ثمّ تعالجه بالمرهم الى أن يبرأ إن شاء اللّه', 'وإن شئت فعلت ذلك ببعض الادوية المحرقة التى آتيتها فى المقالة الثامنة عشر فى الادوية المحرقة', 'وأمّا كيّها بالحديد فعلى هذه الصفة: تحمى المكواة التى هذه صورتها: وتسمّى المكواة المسماريّة لأنّ رأسها كهيئة المسمار فيها بعض التقبيب وفى وسطها نتوّ صغير', 'ثمّ تضعها على موضع الوجع وتمسك يدك وانت تدير الحديدة قليلا قليلا، ويكون القدر الذى تحرق من ثخن الجلد مثل نصفه وترفع يدك لكيلا تحرق الشريان الذى من اسفل فيحدث النزف', 'ثمّ تشرّب قطنة فى ماء الملح وتضعها على الموضع وتتركه ثلثة ايّام ثمّ تحمل القطنة بالسمن ثمّ تعالجه بالمرهم الى أن يبرأ إن شاء الله', 'وإن شئت كويت هذه الشقيقة بالطرف السكّينىّ الناتى من المكواة وتحفظ من قطع الشريان فى هذه الشقيقة غير المزمنة خاصّة']
INFO:__main__:no. arabic lines: 9
INFO:__main__:total length of arabic lines: 1282
INFO:__main__:total length of input para: 1289
INFO:__main__:cleaned length of arabic lines: 1006
INFO:__main__:cleaned length of input para: 1006
INFO:__main__:para: <p id="p010" type="head">الفصل الرابع فى كّى الشقيقة المزمنة</p>, para_counter: 10, s_counter: 57
INFO:__main__:arabic_lines: ['الفصل الرابع فى كّى الشقيقة المزمنة']
INFO:__main__:no. arabic lines: 1
INFO:__main__:total length of arabic lines: 35
INFO:__main__:total length of input para: 35
INFO:__main__:cleaned length of arabic lines: 29
INFO:__main__:cleaned length of input para: 29
INFO:__main__:para: <p id="p011">اذا عالجت الشقيقة بما ذكرنا من العلاج المتقدّم وما ذكرنا فى
تقاسيم الامراض فلم ينجع العلاج ورأيت من العلّة ما لا يقوم بها ما
ذكرنا من الكّى الاوّل بالدواء او الكىّ بالنار فينبغى أن تحمى المكواة
السكّينيّة حتّى تبيضّ بعد أن تعلّم على موضع الوجع بخطّ طوله نصف
اصبع او نحوه وتترك يدك مرّة واحدة وانت تشدّها حتّى تقطع
الشريان وتبلغ نحو العظم الّا أنّه ينبغى لك أن تتحفّظ من اتّصال
الفكّ الذى يتحرّك عند المضغ فتحرق العضل او العصب المحرّك له
فيحدث التشنّج، وكن على حذر ورقبة من نزف دم الشريان الذى
قطعت فإنّ فى قطعه الغرر ولا سيّما لمن جهل ما يصنع ولم يكن دربا
مجرّبا وترك العمل اولى، وسيأتى ذكر تدبير النزف العارض من
الشريان على وجهه فى موضعه من الكتاب إن شاء اللّه، فإن رأيت من
العلّة ما لا تقوم به هذه الكيّة ورأيت جسم العليل محتملا فاكوه كيّة
فى وسط الرأس كما وصفنا وعالج الجرح حتّى يبرأ إن شاء الله،
وإن شئت استعملت الكىّ الذى ذكرنا فى باب سلّ الشريان بالمكواة
ذات السكّينين فإنّه كىّ افضل من هذا وأنجع،</p>, para_counter: 11, s_counter: 58
INFO:__main__:arabic_lines: ['اذا عالجت الشقيقة بما ذكرنا من العلاج المتقدّم وما ذكرنا فى تقاسيم الامراض فلم ينجع العلاج', 'ورأيت من العلّة ما لا يقوم بها ما ذكرنا من الكّى الاوّل بالدواء او الكىّ بالنار', 'فينبغى أن تحمى المكواة السكّينيّة حتّى تبيضّ بعد أن تعلّم على موضع الوجع بخطّ طوله نصف اصبع او نحوه', 'وتترك يدك مرّة واحدة وانت تشدّها حتّى تقطع الشريان وتبلغ نحو العظم', 'الّا أنّه ينبغى لك أن تتحفّظ من اتّصال الفكّ الذى يتحرّك عند المضغ فتحرق العضل او العصب المحرّك له فيحدث التشنّج', 'وكن على حذر ورقبة من نزف دم الشريان الذى قطعت فإنّ فى قطعه الغرر ولا سيّما لمن جهل ما يصنع ولم يكن دربا مجرّبا وترك العمل اولى', 'وسيأتى ذكر تدبير النزف العارض من الشريان على وجهه فى موضعه من الكتاب إن شاء اللّه', 'فإن رأيت من العلّة ما لا تقوم به هذه الكيّة ورأيت جسم العليل محتملا فاكوه كيّة فى وسط الرأس كما وصفنا', 'وعالج الجرح حتّى يبرأ إن شاء الله', 'وإن شئت استعملت الكىّ الذى ذكرنا فى باب سلّ الشريان بالمكواة ذات السكّينين فإنّه كىّ افضل من هذا وأنجع']
INFO:__main__:no. arabic lines: 10
INFO:__main__:total length of arabic lines: 898
INFO:__main__:total length of input para: 903
INFO:__main__:cleaned length of arabic lines: 690
INFO:__main__:cleaned length of input para: 690
INFO:__main__:para: <p id="p012" type="head">الفصل الخامس فى كىّ اوجاع الأذنين</p>, para_counter: 12, s_counter: 68
INFO:__main__:arabic_lines: ['الفصل الخامس فى كىّ اوجاع الأذنين']
INFO:__main__:no. arabic lines: 1
INFO:__main__:total length of arabic lines: 33
INFO:__main__:total length of input para: 33
INFO:__main__:cleaned length of arabic lines: 27
INFO:__main__:cleaned length of input para: 27
INFO:__main__:para: <p id="p013">اذا حدث فى الأذن وجع عن برد وعولج بالمسهلات وسائر العلاج
الذى ذكرنا فى التقسيم ولم يذهب الوجع فاحم المكواة التى تسمّى
النقطة التى هذه صورتها:

ثم تنقط بها بعد إحمائها حول الأذن كلّها كما تدور او حولهما
جميعا إن كان الوجع فيهما، وتبعد بالكىّ من أصل الأذن قليلا
بعد أن تعلّم الموضع بالمداد ويكون الكىّ قدر عشر نقط فى كلّ أذن
او نحوها ثمّ تعالج المواضع حتّى يبرأ إن شاء الله،</p>, para_counter: 13, s_counter: 69
INFO:__main__:arabic_lines: ['اذا حدث فى الأذن وجع عن برد وعولج بالمسهلات وسائر العلاج الذى ذكرنا فى التقسيم ولم يذهب الوجع', 'فاحم المكواة التى تسمّى النقطة التى هذه صورتها:', 'ثم تنقط بها بعد إحمائها حول الأذن كلّها كما تدور او حولهما جميعا إن كان الوجع فيهما', 'وتبعد بالكىّ من أصل الأذن قليلا بعد أن تعلّم الموضع بالمداد', 'ويكون الكىّ قدر عشر نقط فى كلّ أذن او نحوها', 'ثمّ تعالج المواضع حتّى يبرأ إن شاء الله']
INFO:__main__:no. arabic lines: 6
INFO:__main__:total length of arabic lines: 369
INFO:__main__:total length of input para: 371
INFO:__main__:cleaned length of arabic lines: 289
INFO:__main__:cleaned length of input para: 289
INFO:__main__:para: <p id="p014" type="head">الفصل السادس فى كىّ اللقوة</p>, para_counter: 14, s_counter: 75
INFO:__main__:arabic_lines: ['الفصل السادس فى كىّ اللقوة']
INFO:__main__:no. arabic lines: 1
INFO:__main__:total length of arabic lines: 26
INFO:__main__:total length of input para: 26
INFO:__main__:cleaned length of arabic lines: 21
INFO:__main__:cleaned length of input para: 21
INFO:__main__:para: <p id="p015">اللقوة التى تعالج بالكّى انّما تكون من النوع الذى يحدث من
البلغم على ما ذكرت فى تقاسيم الامراض ويجتنب كىّ النوع الذى يحدث
من جفوف وتشنّج العصب، متى عالجت هذا النوع من اللقوة بالايارجات
والسعوطات والغراغر فلم ينجع علاجك فينبغى أن يكوى العليل بثلاث
كيّات واحدة عند أصل الأذن والثانية أسفل قليلا من صدغه والثالثة
عند مجتمع الشفتين واجعل كيّك من ضدّ الجهة المريضة لأنّ الاسترخاء
انّما يحدث فى الجهة التى تظهر صحيحة، وصورة الكىّ أن تكويه كيّة
بإزاء طرف الأذن الأعلى تحت قرن الرأس قليلا وأخرى فى الصدغ
ويكون طولها على قدر طول الابهام تنزل بالكّى يدك حتّى تحرق قدر
نصف ثخن الجلد، وهذه صورة المكواة وهى نوع من السكّينيّة التى
تقدّمت صورتها الّا أنّها ألطف منها قليلا كما ترى:

وينبغى أن يكون السكّين فيه فضل غلظ قليلا، ثمّ تعالج الموضع
بما تقدّم ذكره حتّى يبرأ إن شاء الله،</p>, para_counter: 15, s_counter: 76
INFO:__main__:arabic_lines: ['اللقوة التى تعالج بالكّى انّما تكون من النوع الذى يحدث من البلغم على ما ذكرت فى تقاسيم الامراض.', 'ويجتنب كىّ النوع الذى يحدث من جفوف وتشنّج العصب،', 'متى عالجت هذا النوع من اللقوة بالايارجات والسعوطات والغراغر فلم ينجع علاجك فينبغى أن يكوى العليل بثلاث كيّات واحدة عند أصل الأذن والثانية أسفل قليلا من صدغه والثالثة عند مجتمع الشفتين.', 'واجعل كيّك من ضدّ الجهة المريضة لأنّ الاسترخاء انّما يحدث فى الجهة التى تظهر صحيحة،', 'وصورة الكىّ أن تكويه كيّة بإزاء طرف الأذن الأعلى تحت قرن الرأس قليلا وأخرى فى الصدغ ويكون طولها على قدر طول الابهام.', 'تنزل بالكّى يدك حتّى تحرق قدر نصف ثخن الجلد،', 'وهذه صورة المكواة وهى نوع من السكّينيّة التى تقدّمت صورتها الّا أنّها ألطف منها قليلا كما ترى:', 'وينبغى أن يكون السكّين فيه فضل غلظ قليلا،', 'ثمّ تعالج الموضع بما تقدّم ذكره حتّى يبرأ إن شاء الله،']
INFO:__main__:no. arabic lines: 9
INFO:__main__:total length of arabic lines: 767
INFO:__main__:total length of input para: 764
INFO:__main__:cleaned length of arabic lines: 597
INFO:__main__:cleaned length of input para: 597
INFO:__main__:para: <p id="p016" type="head">الفصل السابع فى كىّ السكتة المزمنة</p>, para_counter: 16, s_counter: 85
INFO:__main__:arabic_lines: ['الفصل السابع فى كىّ السكتة المزمنة']
INFO:__main__:no. arabic lines: 1
INFO:__main__:total length of arabic lines: 34
INFO:__main__:total length of input para: 34
INFO:__main__:cleaned length of arabic lines: 28
INFO:__main__:cleaned length of input para: 28
INFO:__main__:para: <p id="p017">اذا أزمنت السكتة وعالجتها بما ذكرنا ولم ينجع علاجك ولم يكن
بالعليل حمّى فاكوه أربع كيّات، على كل قرن من رأسه كيّة وكيّة فى
وسط الرأس كما ذكرنا وكّيّة فى موخّر الرأس على ما تقدّم، وصفة
المكاوى على ما تقدم، وقد يكوى ايضا كيّة على فم المعدة فيكون
ابلغ، ثمّ تعالج بما تقدّم،</p>, para_counter: 17, s_counter: 86
INFO:__main__:arabic_lines: ['اذا أزمنت السكتة وعالجتها بما ذكرنا ولم ينجع علاجك ولم يكن بالعليل حمّى فاكوه أربع كيّات، على كل قرن من رأسه كيّة.', 'وكيّة فى وسط الرأس كما ذكرنا وكّيّة فى موخّر الرأس على ما تقدّم،', 'صفة المكاوى على ما تقدم،', 'وقد يكوى ايضا كيّة على فم المعدة فيكون ابلغ،', 'ثمّ تعالج بما تقدّم،']
INFO:__main__:no. arabic lines: 5
INFO:__main__:total length of arabic lines: 270
INFO:__main__:total length of input para: 270
INFO:__main__:cleaned length of arabic lines: 201
INFO:__main__:cleaned length of input para: 202
INFO:__main__:arabic_lines: ['اذا أزمنت السكتة وعالجتها بما ذكرنا ولم ينجع علاجك ولم يكن بالعليل حمّى فاكوه أربع كيّات، على كل قرن من رأسه كيّة', 'وكيّة فى وسط الرأس كما ذكرنا', 'وكّيّة فى موخّر الرأس على ما تقدّم', 'وصفة المكاوى على ما تقدم', 'وقد يكوى ايضا كيّة على فم المعدة فيكون ابلغ', 'ثمّ تعالج بما تقدّم']
INFO:__main__:no. arabic lines: 6
INFO:__main__:total length of arabic lines: 266
INFO:__main__:total length of input para: 270
INFO:__main__:cleaned length of arabic lines: 202
INFO:__main__:cleaned length of input para: 202
INFO:__main__:para: <p id="p018" type="head">الفصل الثامن فى كىّ النسيان الذى يكون من البلغم</p>, para_counter: 18, s_counter: 92
INFO:__main__:arabic_lines: ['الفصل الثامن فى كىّ النسيان الذى يكون من البلغم']
INFO:__main__:no. arabic lines: 1
INFO:__main__:total length of arabic lines: 47
INFO:__main__:total length of input para: 47
INFO:__main__:cleaned length of arabic lines: 38
INFO:__main__:cleaned length of input para: 38
INFO:__main__:para: <p id="p019">ينبغى أن يسقى العليل اوّلا من الايارجات الكبار والحبوب المنقية
للدماغ ثمّ يحلق رأسه كلّه وتحمل على مؤخّره ضماد الخردل المكتوب
فى مقالة الاضمدة تحمله مرات فإنّه ضرب من الكىّ وافعل ذلك على
الرتبة بعينها التى ذكرتها هنالك فإن برىء بذلك والّا فاكوه ثلاث
كيّات فى مؤخّر رأسه تكون مصطفّة من اعلى الرأس الى اسفل العنق
واجعل بين كلّ كيّة وكيّة غلظ اصبع ثمّ يعالج الكىّ بما تقدّم، فإن
اردت الزيادة وكان العليل محتملا لذلك فاكوه الكيّة الوسطى، فإن
اردت الزيادة فاكوه على القرنين ثمّ تعالجه حتّى يبرأ، وتكون المكواة
زيتونيّة على الصورة التى تقدّمت،</p>, para_counter: 19, s_counter: 93
INFO:__main__:arabic_lines: ['ينبغى أن يسقى العليل اوّلا من الايارجات الكبار والحبوب المنقية للدماغ', 'ثمّ يحلق رأسه كلّه', 'وتحمل على مؤخّره ضماد الخردل المكتوب فى مقالة الاضمدة', 'تحمله مرات فإنّه ضرب من الكىّ', 'وافعل ذلك على الرتبة بعينها التى ذكرتها هنالك', 'فإن برىء بذلك والّا فاكوه ثلاث كيّات فى مؤخّر رأسه تكون مصطفّة من اعلى الرأس الى اسفل العنق', 'واجعل بين كلّ كيّة وكيّة غلظ اصبع', 'ثمّ يعالج الكىّ بما تقدّم', 'فإن اردت الزيادة وكان العليل محتملا لذلك فاكوه الكيّة الوسطى', 'فإن اردت الزيادة فاكوه على القرنين', 'ثمّ تعالجه حتّى يبرأ', 'وتكون المكواة زيتونيّة على الصورة التى تقدّمت']
INFO:__main__:no. arabic lines: 12
INFO:__main__:total length of arabic lines: 533
INFO:__main__:total length of input para: 537
INFO:__main__:cleaned length of arabic lines: 418
INFO:__main__:cleaned length of input para: 418
INFO:__main__:para: <p id="p020" type="head">الفصل التاسع فى كىّ الفالج واسترخاء جميع البدن</p>, para_counter: 20, s_counter: 105
INFO:__main__:arabic_lines: ['الفصل التاسع فى كىّ الفالج واسترخاء جميع البدن']
INFO:__main__:no. arabic lines: 1
INFO:__main__:total length of arabic lines: 46
INFO:__main__:total length of input para: 46
INFO:__main__:cleaned length of arabic lines: 38
INFO:__main__:cleaned length of input para: 38
INFO:__main__:para: <p id="p021">ينبغى أن تتقدّم فى تنقية الرأس بالايارجات وما ذكرنا ثمّ احلق
رأس العليل ثمّ اكوه كيّة فى وسط الرأس وكيّة على كلّ قرن من
الرأس وكيّة على مؤخّره وثلاثا على فقارات العنق، فإن احتجت فى علّة
استرخاء البدن الى أكثر من ذلك وكان المريض محتملا لذلك والمرض
قويّا مستحكما فاكوه أربع كيّات على فقارات ظهره وأبلغ بالكىّ حتى
تحرق من الجلد أكثره وترفع يدك ثمّ تعالجه على ما تقدّم ذكره
حتّى يبرأ إن شاء الله، وتكون المكواة زيتونيّة،</p>, para_counter: 21, s_counter: 106
INFO:__main__:arabic_lines: ['ينبغى أن تتقدّم فى تنقية الرأس بالايارجات وما ذكرنا', 'ثمّ احلق رأس العليل', 'ثمّ اكوه كيّة فى وسط الرأس', 'وكيّة على كلّ قرن من الرأس', 'وكيّة على مؤخّره', 'وثلاثا على فقارات العنق', 'فإن احتجت فى علّة استرخاء البدن الى أكثر من ذلك وكان المريض محتملا لذلك والمرض قويّا مستحكما', 'فاكوه أربع كيّات على فقارات ظهره', 'وأبلغ بالكىّ حتى تحرق من الجلد أكثره', 'وارفع يدك', 'ثمّ تعالجه على ما تقدّم ذكره حتّى يبرأ إن شاء الله', 'وتكون المكواة زيتونيّة']
INFO:__main__:no. arabic lines: 12
INFO:__main__:total length of arabic lines: 413
INFO:__main__:total length of input para: 416
INFO:__main__:cleaned length of arabic lines: 320
INFO:__main__:cleaned length of input para: 320
INFO:__main__:arabic_lines: ['ينبغى أن تتقدّم فى تنقية الرأس بالايارجات وما ذكرنا', 'ثمّ احلق رأس العليل', 'ثمّ اكوه كيّة فى وسط الرأس وكيّة على كلّ قرن من الرأس وكيّة على مؤخّره وثلاثا على فقارات العنق', 'فإن احتجت فى علّة استرخاء البدن الى أكثر من ذلك وكان المريض محتملا لذلك والمرض قويّا مستحكما فاكوه أربع كيّات على فقارات ظهره', 'وأبلغ بالكىّ حتى تحرق من الجلد أكثره', 'وارفع يدك', 'ثمّ تعالجه على ما تقدّم ذكره حتّى يبرأ إن شاء الله', 'وتكون المكواة زيتونيّة']
INFO:__main__:no. arabic lines: 8
INFO:__main__:total length of arabic lines: 413
INFO:__main__:total length of input para: 416
INFO:__main__:cleaned length of arabic lines: 320
INFO:__main__:cleaned length of input para: 320
INFO:__main__:arabic_lines: ['ينبغى أن تتقدّم فى تنقية الرأس بالايارجات وما ذكرنا', 'ثمّ احلق رأس العليل', 'ثمّ اكوه كيّة فى وسط الرأس وكيّة على كلّ قرن من الرأس وكيّة على مؤخّره وثلاثا على فقارات العنق', 'فإن احتجت فى علّة استرخاء البدن الى أكثر من ذلك وكان المريض محتملا لذلك والمرض قويّا مستحكما فاكوه أربع كيّات على فقارات ظهره', 'وأبلغ بالكىّ حتى تحرق من الجلد أكثره', 'وارفع يدك', 'ثمّ تعالجه على ما تقدّم ذكره حتّى يبرأ إن شاء الله', 'وتكون المكواة زيتونيّة']
INFO:__main__:no. arabic lines: 8
INFO:__main__:total length of arabic lines: 413
INFO:__main__:total length of input para: 416
INFO:__main__:cleaned length of arabic lines: 320
INFO:__main__:cleaned length of input para: 320
INFO:__main__:para: <p id="p001">قال واضع هذا الكتاب لمّا أكملت لكم يا بنىّ هذا الكتاب الذى
هو جزء العلم فى الطبّ بكماله وبلغت الغاية فيه من وضوحه وبيانه
رأيت أن أكمله لكم بهذه المقالة التى هى جزء العمل باليد لأنّ
العمل باليد محسنه فى بلدنا وفى زماننا معدوم البتّة حتّى كاد أن
يدرس علمه وينقطع أثره وإنّما بقى منه رسوم يسيرة فى كتب الأوائل قد
صحّفته الأيدى وواقعه الخطاء والتشويش حتّى استغلقت معانيه وبعدت
فائدته، فرأيت أن أحييه وأؤلّف فيه هذه المقالة على طريق الشرح
والبيان والاختصار وأن آتى بصور حدائد الكّى وسائر آلات العمل إذ
هو من زيادة البيان ومن وكيد ما يحتاج اليه، والسبب الذى لا
يوجد صانع محسن بيده فى زماننا هذا لأنّ صناعة الطبّ طويلة
وينبغى لصاحبها أن يرتاض قبل ذلك فى علم التشريح الذى وصفه
جالينوس حتّى يقف على منافع الأعضاء وهيآتها ومزاجاتها واتّصالها
وانفصالها ومعرفة العظام والأعصاب والعضلات وعددها ومخارجها
والعروق النوابض والسواكن ومواضع مخارجها، ولذلك قال ابقرات
إنّ الأطبّاء بالاسم كثير وبالفعل قليل ولا سيّما فى صناعة اليد، وقد
ذكرنا نحن من ذلك طرفا فى المدخل من هذا الكتاب لأنّه من لم
يكن عالما بما ذكرنا من التشريح لم يخل أن يقع فى خطاء يقتل


الناس به كما قد شاهدت كثيرا ممّن تصوّر فى هذا العلم وادّعاه بغير علم
ولا دراية، وذلك أنّى رأيت طبيبا جاهلا قد شقّ على ورم خنزيرىّ
فى عنق امرأة فأبرى بعض شريانات العنق فنزف دم المرأة حتّى سقطت
ميتة بين يديه، ورأيت طبيبا آخر قد تقدّم فى اخراج حصاة لرجل
قد طعن فى السّن وكانت الحصاة كبيرة فتهوّر فأخرجها بقطعة من
جرم المثانة فمات الرجل الى نحو ثلاثة أيّام، وكنت قد دعيت الى
اخراجها فرأيت من عظم الحصاة وحال العليل ما قدّرت عليه ذلك،
ورأيت طبيبا آخر كان يرتزق عند بعض قوّاد بلدنا على الطبّ فحدث
لصبّى اسود كان عنده كسر فى ساقه بقرب العقب مع جرح فأسرع
الطبيب بجهله فشدّ الكسر على الجرح بالرفائد والجبائر شدّا وثيقا
ولم يترك للجرح تنفّسا ثم اطلقه على شهواته ثمّ تركه أيّاما وأمره أن لا
يحلّ الرباط حتّى تورّم ساقه وقدمه وأشرف على الهلاك فدعيت اليه
فأسرعت حل الرباط فنال الراحة واستقلّ من اوجاعه إلّا أنّ الفساد قد
كان استحكم فى العضو ولم أستطع ارداعه فلم يزل الفساد يسعى فى
العضو حتّى هلك، ورأيت طبيبا آخر بّط ورما سرطانيّا فتقرّح بعد
أيّام حتّى عظمت بلية صاحبه وذلك أنّ السرطان اذا كان محضا من
خلط سوداوىّ فإنّه لا ينبغى أن يعرض له بالحديد البتّة إلّا أن


يكون فى عضو يحتمل أن يستأصل جميعه، ولهذا يا بنّى ينبغى لكم
أن تعلموا أنّ العمل باليد ينقسم قسمين عمل تصحبه السلامة وعمل
يكون معه العطب فى اكثر الحالات وقد نبّهت فى كلّ مكان يأتى من
هذا الكتاب العمل الذى فيه الغرر والخوف فينبغى لكم أن تحذروه
وترفضوه لئلّا يجد الجاهل السبيل الى القول والطعن فخذوا لأنفسكم
بالحزم والحياطة ولمرضاكم بالرفق والتثبّت واستعملوا الطريق الافضل
المؤدى الى السلامة والعاقبة المحمودة وتنكّبوا الامراض الخطرة
العسيرة البرؤ ونزّهوا انفسكم عمّا تخافون أن يدخل عليكم الشبهة فى
دينكم ودنياكم فهو ابقى لجاهكم وارفع فى الدنيا والآخرة لأقداركم،
فقد قال جالينوس فى بعض وصاياه لا تداووا مرض سوء فتسمّوا أطبّاء
سوء،
وقد قسمت هذه المقالة على ثلثة ابواب، الباب الاوّل فى الكّى
بالنار والكّى بالدواء الحادّ مبّوب مرتّب من القرن الى القدم وصور
الآلات وحدائد الكّى وكلّ ما يحتاج اليه فى العمل باليد، والباب
الثانى فى الشقّ والبطّ والفصد والحجامة والجراحات وإخراج السهام
ونحو ذلك كلّه مبوّب مرتّب وصور الآلات، والباب الثالث فى الجبر
والخلع وعلاج الوثى ونحو ذلك مبوّب مرتّب من القرن الى القدم وصور
الآلات،</p>, para_counter: 1, s_counter: 1
INFO:__main__:para: <p id="p021">ينبغى أن تتقدّم فى تنقية الرأس بالايارجات وما ذكرنا ثمّ احلق
رأس العليل ثمّ اكوه كيّة فى وسط الرأس وكيّة على كلّ قرن من
الرأس وكيّة على مؤخّره وثلاثا على فقارات العنق، فإن احتجت فى علّة
استرخاء البدن الى أكثر من ذلك وكان المريض محتملا لذلك والمرض
قويّا مستحكما فاكوه أربع كيّات على فقارات ظهره وأبلغ بالكىّ حتى
تحرق من الجلد أكثره وترفع يدك ثمّ تعالجه على ما تقدّم ذكره
حتّى يبرأ إن شاء الله، وتكون المكواة زيتونيّة،</p>, para_counter: 21, s_counter: 1
INFO:__main__:arabic_lines: ['ينبغى أن تتقدّم فى تنقية الرأس بالايارجات وما ذكرنا', 'ثمّ احلق رأس العليل', 'ثمّ اكوه كيّة فى وسط الرأس وكيّة على كلّ قرن من الرأس وكيّة على مؤخّره وثلاثا على فقارات العنق', 'فإن احتجت فى علّة استرخاء البدن الى أكثر من ذلك وكان المريض محتملا لذلك والمرض قويّا مستحكما فاكوه أربع كيّات على فقارات ظهره', 'وأبلغ بالكىّ حتى تحرق من الجلد أكثره', 'وارفع يدك', 'ثمّ تعالجه على ما تقدّم ذكره حتّى يبرأ إن شاء الله', 'وتكون المكواة زيتونيّة']
INFO:__main__:no. arabic lines: 8
INFO:__main__:total length of arabic lines: 413
INFO:__main__:total length of input para: 416
INFO:__main__:cleaned length of arabic lines: 320
INFO:__main__:cleaned length of input para: 320
INFO:__main__:arabic_lines: ['ينبغى أن تتقدّم فى تنقية الرأس بالايارجات وما ذكرنا', 'ثمّ احلق رأس العليل', 'ثمّ اكوه كيّة فى وسط الرأس وكيّة على كلّ قرن من الرأس وكيّة على مؤخّره وثلاثا على فقارات العنق', 'فإن احتجت فى علّة استرخاء البدن الى أكثر من ذلك وكان المريض محتملا لذلك والمرض قويّا مستحكما', 'فاكوه أربع كيّات على فقارات ظهره', 'وأبلغ بالكىّ حتى تحرق من الجلد أكثره وترفع يدك', 'ثمّ تعالجه على ما تقدّم ذكره حتّى يبرأ إن شاء الله', 'وتكون المكواة زيتونيّة']
INFO:__main__:no. arabic lines: 8
INFO:__main__:total length of arabic lines: 413
INFO:__main__:total length of input para: 416
INFO:__main__:cleaned length of arabic lines: 320
INFO:__main__:cleaned length of input para: 320
INFO:__main__:para: <p id="p022" type="head">الفصل العاشر فى كىّ الصرع</p>, para_counter: 22, s_counter: 9
INFO:__main__:arabic_lines: ['الفصل العاشر فى كىّ الصرع']
INFO:__main__:no. arabic lines: 1
INFO:__main__:total length of arabic lines: 25
INFO:__main__:total length of input para: 25
INFO:__main__:cleaned length of arabic lines: 20
INFO:__main__:cleaned length of input para: 20
INFO:__main__:para: <p id="p023">انّما يكوى المصروع الذى يكون صرعه من قبل البلغم، فينبغى أن
ينقى دماغه اوّلا باليارجات الكبار وبسائر العلاج الذى ذكرنا فى
التقسيم اذا كان العليل كبيرا وكان محتملا لأخذ الادوية، فأمّا إن
كان صبيّا لا يحتمل الادوية فليستعمل الغراغر والمملضغ المنقية
للدماغ قبل ذلك بأيّام كثيرة مع تحسين اغذيته ثمّ يحلق رأسه ثمّ
اكوه الكيّة الواحدة فى وسط الرأس على ما تقدّم فى الصفة وكيّة
أخرى فى مؤخّره وعلى كلّ قرن من رأسه كيّة، فإن كان المريض
قويّا وكان محتملا فاكوه الكيّات التى ذكرت فى صاحب الفالج
واسترخاء البدن على فقارات العنق وفقارات الظهر، وتكون المكواة
زيتونيّة على الصفة التى تقدّمت، فإن كان العليل صبيّا فاجعل
المكواة لطيفة على هذه الصورة:
</p>, para_counter: 23, s_counter: 10
INFO:__main__:arabic_lines: ['انّما يكوى المصروع الذى يكون صرعه من قبل البلغم،', 'فينبغى أن ينقى دماغه اوّلا باليارجات الكبار وبسائر العلاج الذى ذكرنا فى التقسيم اذا كان العليل كبيرا وكان محتملا لأخذ الادوية،', 'فأمّا إن كان صبيّا لا يحتمل الادوية فليستعمل الغراغر والمملضغ المنقية للدماغ قبل ذلك بأيّام كثيرة مع تحسين اغذيته', 'ثمّ يحلق رأسه', 'ثمّ اكوه الكيّة الواحدة فى وسط الرأس على ما تقدّم فى الصفة', 'وكيّة أخرى فى مؤخّره', 'وعلى كلّ قرن من رأسه كيّة،', 'فإن كان المريض قويّا وكان محتملا فاكوه الكيّات التى ذكرت فى صاحب الفالج واسترخاء البدن على فقارات العنق وفقارات الظهر،', 'وتكون المكواة زيتونيّة على الصفة التى تقدّمت،', 'فإن كان العليل صبيّا فاجعل المكواة لطيفة على هذه الصورة:']
INFO:__main__:no. arabic lines: 10
INFO:__main__:total length of arabic lines: 632
INFO:__main__:total length of input para: 633
INFO:__main__:cleaned length of arabic lines: 498
INFO:__main__:cleaned length of input para: 498
INFO:__main__:para: <p id="p024" type="head">الفصل الحادى عشر فى كىّ المالنخوليا</p>, para_counter: 24, s_counter: 20
INFO:__main__:arabic_lines: ['الفصل الحادى عشر فى كىّ المالنخوليا']
INFO:__main__:no. arabic lines: 1
INFO:__main__:total length of arabic lines: 35
INFO:__main__:total length of input para: 35
INFO:__main__:cleaned length of arabic lines: 29
INFO:__main__:cleaned length of input para: 29
INFO:__main__:para: <p id="p025">اذا كان سبب المالنخوليا رطوبات فاسدة وبلغم غليظ فاكوه الكيّات
التى ذكرنا فى صاحب الفالج، وإن كان سبب المالنخوليا فضل مائل
الى السوداء وكان جسم العليل مرطوبا فاسقه ما ينقى دماغه على ما
تقدّم فى التقسيم ثمّ احلق رأس العليل ثمّ اصنع كعكة محكمة من
كتان كالدائرة ثمّ أنزلها فى وسط رأسه والعليل قاعد متربّعا يمسك من
كلّ جهة ثمّ خذ رطلا واحدا من سمن الغنم العتيق ثمّ سخّنه على
النار سخونة معتدلة قدر ما يحتمل الاصبع اذا أدخل فيه ثمّ تفرغه
وسط رأسه فى الدائرة وتتركه حتّى يبرد، تفعل ذلك بالعليل كلّ
أسبوع مرّة مع سائر تدبيره الجيّد حتّى يبرأ إن شاء اللّه، وإن شئت
كويته تنقّطا صغارا كثيرة من غير أن تمسك يدك بالمكواة بل يكون
تشميما فإنّ هذا النوع من الكّى يرطب الدماغ باعتدال ثمّ تحمل عليه
قطنة مشرّبة فى السمن او فى شحم الدجاج،</p>, para_counter: 25, s_counter: 21
INFO:__main__:arabic_lines: ['اذا كان سبب المالنخوليا رطوبات فاسدة وبلغم غليظ فاكوه الكيّات التى ذكرنا فى صاحب الفالج،', 'وإن كان سبب المالنخوليا فضل مائل الى السوداء وكان جسم العليل مرطوبا فاسقه ما ينقى دماغه على ما تقدّم فى التقسيم', 'ثمّ احلق رأس العليل', 'ثمّ اصنع كعكة محكمة من كتان كالدائرة', 'ثمّ أنزلها فى وسط رأسه والعليل قاعد متربّعا يمسك من كلّ جهة', 'ثمّ خذ رطلا واحدا من سمن الغنم العتيق', 'ثمّ سخّنه على النار سخونة معتدلة قدر ما يحتمل الاصبع اذا أدخل فيه', 'ثمّ تفرغه وسط رأسه فى الدائرة وتتركه حتّى يبرد،', 'تفعل ذلك بالعليل كلّ أسبوع مرّة مع سائر تدبيره الجيّد حتّى يبرأ إن شاء اللّه،', 'وإن شئت كويته تنقّطا صغارا كثيرة من غير أن تمسك يدك بالمكواة بل يكون تشميما', 'فإنّ هذا النوع من الكّى يرطب الدماغ باعتدال', 'ثمّ تحمل عليه قطنة مشرّبة فى السمن او فى شحم الدجاج،']
INFO:__main__:no. arabic lines: 12
INFO:__main__:total length of arabic lines: 720
INFO:__main__:total length of input para: 720
INFO:__main__:cleaned length of arabic lines: 557
INFO:__main__:cleaned length of input para: 557
INFO:__main__:para: <p id="p026" type="head">الفصل الثانى عشر فى كىّ الماء النازل فى العين</p>, para_counter: 26, s_counter: 33
INFO:__main__:arabic_lines: ['الفصل الثانى عشر فى كىّ الماء النازل فى العين']
INFO:__main__:no. arabic lines: 1
INFO:__main__:total length of arabic lines: 45
INFO:__main__:total length of input para: 45
INFO:__main__:cleaned length of arabic lines: 36
INFO:__main__:cleaned length of input para: 36
INFO:__main__:para: <p id="p027">اذا تبيّن لك ابتداء الماء النازل فى العين بالعلامات التى ذكرت
فى التقسيم فبادر فاسق العليل ما ينقى رأسه واحمه من جميع الرطوبات
وعرّقه فى الحمّام على الريق أيّاما ثم مره بحلق رأسه واكوه كيّة فى
وسط الرأس ثمّ اكوه كيّتين على الصدغين إن كان ابتداء نزول الماء
فى العينين جميعا او من الجانب الواحد إن كان فى العين الواحدة
ثمّ اقطع بالمكواة جميع الاوردة والشريانات التى تحت الجلد ولتكن
الكيّات فيها طول فى عرض الصدغين وتحفّظ من نزف الدم فإن
رأيت شيئا منه فاقطعه على المقام بأىّ علاج أمكنك وسنأتى بالحكمة
فى سلّ الشريانات وقطعها والتحفّظ من النزف، وقد يكوى فى القفا
تحت العظمين كيّتين بليغتين،</p>, para_counter: 27, s_counter: 34
INFO:__main__:arabic_lines: ['اذا تبيّن لك ابتداء الماء النازل فى العين بالعلامات التى ذكرت فى التقسيم فبادر فاسق العليل ما ينقى رأسه واحمه من جميع الرطوبات', 'وعرّقه فى الحمّام على الريق أيّاما ثم مره بحلق رأسه', 'واكوه كيّة فى وسط الرأس', 'ثمّ اكوه كيّتين على الصدغين إن كان ابتداء نزول الماء فى العينين جميعا او من الجانب الواحد إن كان فى العين الواحدة', 'ثمّ اقطع بالمكواة جميع الاوردة والشريانات التى تحت الجلد', 'ولتكن الكيّات فيها طول فى عرض الصدغين', 'وتحفّظ من نزف الدم', 'فإن رأيت شيئا منه فاقطعه على المقام بأىّ علاج أمكنك', 'وسنأتى بالحكمة فى سلّ الشريانات وقطعها والتحفّظ من النزف', 'وقد يكوى فى القفا تحت العظمين كيّتين بليغتين']
INFO:__main__:no. arabic lines: 10
INFO:__main__:total length of arabic lines: 584
INFO:__main__:total length of input para: 586
INFO:__main__:cleaned length of arabic lines: 464
INFO:__main__:cleaned length of input para: 464
INFO:__main__:para: <p id="p028" type="head">الفصل الثالث عشر فى كىّ الدموع المزمنة</p>, para_counter: 28, s_counter: 44
INFO:__main__:arabic_lines: ['الفصل الثالث عشر فى كىّ الدموع المزمنة']
INFO:__main__:no. arabic lines: 1
INFO:__main__:total length of arabic lines: 38
INFO:__main__:total length of input para: 38
INFO:__main__:cleaned length of arabic lines: 31
INFO:__main__:cleaned length of input para: 31
INFO:__main__:para: <p id="p029">اذا كانت دموع العين مزمنة دائمة وكانت من قبل الأوردة
والشريانات التى فى ظاهر الرأس من خارج الرأس وتيقّنت أنّ ذلك
من فضول باردة غليظة بلغمانيّة فاكوه الكىّ الذى وصفت بعينه فى
ابتداء الماء النازل، كيّة فى وسط الرأس وكيّتين على الصدغين وكيّتين
فى القفا تحت العظمين وإن احتجت الى زيادة فاكوه كيّة فى كلّ
جانب من ذنب العين على طرف الحاجب بمكواة صغيرة،</p>, para_counter: 29, s_counter: 45
INFO:__main__:arabic_lines: ['اذا كانت دموع العين مزمنة دائمة', 'وكانت من قبل الأوردة والشريانات التى فى ظاهر الرأس من خارج الرأس', 'وتيقّنت أنّ ذلك من فضول باردة غليظة بلغمانيّة', 'فاكوه الكىّ الذى وصفت بعينه فى ابتداء الماء النازل', 'كيّة فى وسط الرأس', 'وكيّتين على الصدغين', 'وكيّتين فى القفا تحت العظمين', 'وإن احتجت الى زيادة فاكوه كيّة فى كلّ جانب من ذنب العين على طرف الحاجب بمكواة صغيرة']
INFO:__main__:no. arabic lines: 8
INFO:__main__:total length of arabic lines: 344
INFO:__main__:total length of input para: 346
INFO:__main__:cleaned length of arabic lines: 272
INFO:__main__:cleaned length of input para: 272
INFO:__main__:para: <p id="p030" type="head">الفصل الرابع عشر فى كىّ نتن الأنف</p>, para_counter: 30, s_counter: 53
INFO:__main__:arabic_lines: ['الفصل الرابع عشر فى كىّ نتن الأنف']
INFO:__main__:no. arabic lines: 1
INFO:__main__:total length of arabic lines: 33
INFO:__main__:total length of input para: 33
INFO:__main__:cleaned length of arabic lines: 26
INFO:__main__:cleaned length of input para: 26
INFO:__main__:para: <p id="p031">اذا عالجته بما ذكرنا فى التقسيم ولم ينجع العلاج فبادر فاسق
العليل القوقايا ثلاث ليال ثمّ احلق رأسه وأكوه الكيّة الوسطى بالمكواة
الزيتونيّة ثمّ اكوه بالمكواة المسماريّة كيّتين فوق الحاجبين تحت الشعر
قليلا وتحفّظ من الشريان لا تقطعه، وهذه صورة المسماريّة:
</p>, para_counter: 31, s_counter: 54
INFO:__main__:arabic_lines: ['اذا عالجته بما ذكرنا فى التقسيم ولم ينجع العلاج', 'فبادر فاسق العليل القوقايا ثلاث ليال', 'ثمّ احلق رأسه', 'وأكوه الكيّة الوسطى بالمكواة الزيتونيّة', 'ثمّ اكوه بالمكواة المسماريّة كيّتين فوق الحاجبين تحت الشعر قليلا', 'وتحفّظ من الشريان لا تقطعه', 'وهذه صورة المسماريّة:']
INFO:__main__:no. arabic lines: 7
INFO:__main__:total length of arabic lines: 252
INFO:__main__:total length of input para: 254
INFO:__main__:cleaned length of arabic lines: 203
INFO:__main__:cleaned length of input para: 203
INFO:__main__:para: <p id="p032" type="head">الفصل الخامس عشر فى كىّ استرخاء جفن العين</p>, para_counter: 32, s_counter: 61
INFO:__main__:arabic_lines: ['الفصل الخامس عشر فى كىّ استرخاء جفن العين']
INFO:__main__:no. arabic lines: 1
INFO:__main__:total length of arabic lines: 41
INFO:__main__:total length of input para: 41
INFO:__main__:cleaned length of arabic lines: 33
INFO:__main__:cleaned length of input para: 33
INFO:__main__:para: <p id="p033">اذا استرخى جفن العين عن مرض او رطوبة فاكو الجفن كيّة
واحدة بهذه المكواة الهلاليّة:

وإن شئت فاكوه فوق الحاجبين قليلا كيّتين فى كلّ جهة وتباعد من
الصدغين ويكون طول كلّ كيّة على طول الحاجب ولا تبالغ يدك بالكىّ
بل على قدر ما يحترق ثلث الجلد، وتكون صورة المكواة على هذه
الصفة:
</p>, para_counter: 33, s_counter: 62
INFO:__main__:arabic_lines: ['اذا استرخى جفن العين عن مرض او رطوبة فاكو الجفن كيّة واحدة بهذه المكواة الهلاليّة:', 'وإن شئت فاكوه فوق الحاجبين قليلا كيّتين فى كلّ جهة وتباعد من الصدغين ويكون طول كلّ كيّة على طول الحاجب', 'ولا تبالغ يدك بالكىّ بل على قدر ما يحترق ثلث الجلد،', 'وتكون صورة المكواة على هذه الصفة:']
INFO:__main__:no. arabic lines: 4
INFO:__main__:total length of arabic lines: 271
INFO:__main__:total length of input para: 272
INFO:__main__:cleaned length of arabic lines: 210
INFO:__main__:cleaned length of input para: 210
INFO:__main__:para: <p id="p034" type="head">الفصل السادس عشر فى كىّ جفن العين اذا انقلبت اشفارها الىداخل فنخست العين</p>, para_counter: 34, s_counter: 66
INFO:__main__:arabic_lines: ['الفصل السادس عشر فى كىّ جفن العين اذا انقلبت اشفارها الىداخل فنخست العين']
INFO:__main__:no. arabic lines: 1
INFO:__main__:total length of arabic lines: 72
INFO:__main__:total length of input para: 72
INFO:__main__:cleaned length of arabic lines: 59
INFO:__main__:cleaned length of input para: 59
INFO:__main__:para: <p id="p035">فالكىّ فيها على نوعين إمّا الكىّ بالنار وإمّا الكىّ بالدواء المحرق،
فأمّا كيّها بالنار فتأمر العليل قبل ذلك أن يترك اشفاره إن كان ممّن
ينتفها حتّى تطول وتستوى فإن نخسته عند نباتها فتشدّ عينيه بعصابة
لئلّا تتحرّك حتّى تنبت فإذا نبتت واستوت فضع رأس العليل فى
حجرك ثمّ تعلّم على جفن العين بالمداد علامة على شكل ورقة آس
ويكون ابتداء العلامة بالقرب من الاشفار ثمّ تضع تحت الجفن قطنة
مشرّبة فى بياض البيض او فى لعاب البزرقطونا ثمّ تحمّى مكواة هذه
صورتها:

ثمّ تكوى على الشكل الذى علّمت قليلا قليلا فى مرّات كثيرة حتّى
يحترق سطح الجلد الذى هو كشكل ورقة الآس كلّه ظاهره خاصّة
وعلامة صحّة عملك أن ترى جفن العين قد تشمّر والشعر قد ارتفع
عن لحمة العين فارفع يدك حينئذ واتركه ثلاثة أيّام، ثمّ احمل عليه
قطنة بالسمن حتّى تنقلع الخشكريشة ثمّ عالجه بالمرهم حتّى يبرأ إن
شاء اللّه، فإن عاد شىء من الشعر بعد وقت واسترخى الجفن
فأعد الكىّ على ذلك الموضع كما فعلت اوّلا، فإن كان الشعر فى


الجفن الأسفل فاكوه حتّى يرجع الى موضعه الطبيعّى ولا ينخس الشعر
العين،
وأمّا الكىّ بالدواء المحرق فهو أن تأمر العليل أن يترك الاشفار
حتّى تطول وتستوى ثمّ تصنع من الكاغد صورة ورقة آس ثمّ خذ من
الصابون المعهود ومن الجير غير المطفأ من كلّ واحد وزن درهم او
نحوه فتسحقهما جميعا سحقا جيّدا وتفعل ذلك بالعجلة لئلا يجفّ
ثم تبسط منه على الكاغد الذى صنعت كهيئة ورقة الآس وتضعه على
جفن العين الواحدة او الاثنتين وتضع تحت العين قطنة مشرّبة فى
بياض البيض ورأس العليل فى حجرك وتضع اصبعك السبّابة فوق
الدواء وتزمّه قليلا وأنت تحركه كلّما حسّ العليل بلذع الدواء لأنّه
يجد له لذعا كالنار فما دام يجد اللذع فاترك الدواء وحرّكه باصبعك
فإذا سكن اللذع فانزع الدواء واغسل العين بالماء وانظر فإن رأيت
الجفن قد ارتفع كما يرتفع عند التشمير بالنار او بالقطع وإلّا فأعد
عليه من الدواء على الموضع الذى لم يؤثّر فيه الدواء ولم يسودّ حتّى


تستوفى عملك وتتشمّر العين ثمّ تضع عليه القطن بالسمن حتّى تنقلع
جلبة الحرق ثمّ تعالجه بالمرهم النخلىّ او غيره حتّى يبرأ،
وينبغى لك عند العمل أن تتحفّظ غاية التحفّظ أن لا يسقط فى
العين من الدواء شىء فإن استرخى الجفن بعد ايّام ونخش من
الشعر شىء فى العين فأعد الدواء على ذلك الموضع الذى استرخى
من الجفن خاصّة كما فعلت اوّلا ثمّ عالجه حتّى يبرأ، وهذه صورة
ورقة الآس:

واعلم أنّ أعين الناس قد تختلف فى الصغر والكبر فعلى حسب
ذلك فليكن تشميرك، وليس بخفىّ طريق الصواب على من كانت له
دربة بهذه الصناعة،</p>, para_counter: 35, s_counter: 67
INFO:__main__:arabic_lines: ['فالكىّ فيها على نوعين إمّا الكىّ بالنار وإمّا الكىّ بالدواء المحرق', 'فأمّا كيّها بالنار فتأمر العليل قبل ذلك أن يترك اشفاره إن كان ممّن ينتفها حتّى تطول وتستوى', 'فإن نخسته عند نباتها فتشدّ عينيه بعصابة لئلّا تتحرّك حتّى تنبت', 'فإذا نبتت واستوت فضع رأس العليل فى حجرك ثمّ تعلّم على جفن العين بالمداد علامة على شكل ورقة آس', 'ويكون ابتداء العلامة بالقرب من الاشفار ثمّ تضع تحت الجفن قطنة مشرّبة فى بياض البيض او فى لعاب البزرقطونا', 'ثمّ تحمّى مكواة هذه صورتها:', 'ثمّ تكوى على الشكل الذى علّمت قليلا قليلا فى مرّات كثيرة حتّى يحترق سطح الجلد الذى هو كشكل ورقة الآس كلّه ظاهره خاصّة', 'وعلامة صحّة عملك أن ترى جفن العين قد تشمّر والشعر قد ارتفع عن لحمة العين', 'فارفع يدك حينئذ واتركه ثلاثة أيّام', 'ثمّ احمل عليه قطنة بالسمن حتّى تنقلع الخشكريشة', 'ثمّ عالجه بالمرهم حتّى يبرأ إن شاء اللّه', 'فإن عاد شىء من الشعر بعد وقت واسترخى الجفن فأعد الكىّ على ذلك الموضع كما فعلت اوّلا', 'فإن كان الشعر فى الجفن الأسفل فاكوه حتّى يرجع الى موضعه الطبيعّى ولا ينخس الشعر العين', 'وأمّا الكىّ بالدواء المحرق فهو أن تأمر العليل أن يترك الاشفار حتّى تطول وتستوى', 'ثمّ تصنع من الكاغد صورة ورقة آس', 'ثمّ خذ من الصابون المعهود ومن الجير غير المطفأ من كلّ واحد وزن درهم او نحوه فتسحقهما جميعا سحقا جيّدا وتفعل ذلك بالعجلة لئلا يجفّ', 'ثم تبسط منه على الكاغد الذى صنعت كهيئة ورقة الآس وتضعه على جفن العين الواحدة او الاثنتين وتضع تحت العين قطنة مشرّبة فى بياض البيض ورأس العليل فى حجرك', 'وتضع اصبعك السبّابة فوق الدواء وتزمّه قليلا وأنت تحركه كلّما حسّ العليل بلذع الدواء لأنّه يجد له لذعا كالنار', 'فما دام يجد اللذع فاترك الدواء وحرّكه باصبعك فإذا سكن اللذع فانزع الدواء واغسل العين بالماء وانظر', 'فإن رأيت الجفن قد ارتفع كما يرتفع عند التشمير بالنار او بالقطع وإلّا فأعد عليه من الدواء على الموضع الذى لم يؤثّر فيه الدواء ولم يسودّ حتّى تستوفى عملك وتتشمّر العين', 'ثمّ تضع عليه القطن بالسمن حتّى تنقلع جلبة الحرق ثمّ تعالجه بالمرهم النخلىّ او غيره حتّى يبرأ', 'وينبغى لك عند العمل أن تتحفّظ غاية التحفّظ أن لا يسقط فى العين من الدواء شىء', 'فإن استرخى الجفن بعد ايّام ونخش من الشعر شىء فى العين فأعد الدواء على ذلك الموضع الذى استرخى من الجفن خاصّة كما فعلت اوّلا ثمّ عالجه حتّى يبرأ', 'وهذه صورة ورقة الآس:', 'واعلم أنّ أعين الناس قد تختلف فى الصغر والكبر فعلى حسب ذلك فليكن تشميرك', 'وليس بخفىّ طريق الصواب على من كانت له دربة بهذه الصناعة']
INFO:__main__:no. arabic lines: 26
INFO:__main__:total length of arabic lines: 2157
INFO:__main__:total length of input para: 2166
INFO:__main__:cleaned length of arabic lines: 1678
INFO:__main__:cleaned length of input para: 1678
INFO:__main__:para: <p id="p036" type="head">الفصل السابع عشر فى كىّ الناصور الذى يعرض فى مأق العين</p>, para_counter: 36, s_counter: 93
INFO:__main__:arabic_lines: ['الفصل السابع عشر فى كىّ الناصور الذى يعرض فى مأق العين']
INFO:__main__:no. arabic lines: 1
INFO:__main__:total length of arabic lines: 54
INFO:__main__:total length of input para: 54
INFO:__main__:cleaned length of arabic lines: 43
INFO:__main__:cleaned length of input para: 43
INFO:__main__:para: <p id="p037">اذا عالجت الناصور بما ذكرنا فى تقاسيم الأمراض فلم ينجع
علاجك فينبغى أن يكوى على هذه الصفة، تأمر العليل أن يضع رأسه
فى حجرك ويمسك رأسه خادم بين يديك إمساكا لايتحرّك ولا يضظرب
برأسه ثمّ تضع قطنة مبلولة فى بياض البيض او فى لعاب البرزقطونا
على عينيه ثمّ تحمى المكواة التى هذه صورتها:

تكون مجوّفة كهيئة انبوبة ريش النسر من الطرف الواحد الذى يكون
به الكىّ وإن شئت أن تكون منفوذة الطرف الآخر وإن شئت كانت
مصمتة كالمرود الّا أنّ هذه المجوّفة أفضل لعملك إن شاء الله، ثمّ
تعصر الناصور إن كان مفتوحا وتخرج منه المدّة وتنشفه او كان غير
مفتوح فتفتحه وتستخرج قيحه ثمّ تضع حينئذ عليه المكواة وهى حامية
جدّا فتمسك بها يدك حتّى تصل الى العظم وأبعد يدك قليلا عند
الكىّ من العين الى ناحية الانف لئلّا تخطئ يدك او يقلق العليل
فتقع المكواة فى شحمة العين فتفسدها، فإن وصلت فى أوّل كيّة


الى العظم وإلّا فأعد المكواة مرّة ثانية إن احتجت الى ذلك واتركه ثلاثة
ايّام ثمّ احمل عليه قطنة بالسمن وعالجه بالمرهم المجفّف حتّى يبرأ،
فإن مضى له أربعون يوما ولم يبرأ فاحمل عليه الدواء الحادّ الأكّال
حتى ينكشف العظم واجرده على ما سيأتى ذكره فى بابه إن شاء
الله، ووجه آخر من كىّ الناصور ذكره بعض الاوائل، تعمد الى
موضع الناصور تشقّه ثم تضع فى نفس الشقّ قمعا رقيقا هذه صورته:

وتصبّ فيه قدر وزن درهم رصاصا مذابا وتمسك يدك بالقمع إمساكا
جيّدا مزموما ولا يتحرك العليل البتّة لئلّا يسيل الرصاص المذاب الى
عينه وينبغى أن تضع على عين العليل قطنة مبلولة فى بياض البيض او
فى الماء فإنّ الرصاص يحرق موضع الناصور ويبرئه برءا عجيبا، فإن
برئ الناصور بما ذكرنا من الكىّ والعلاج وإلّا فلا بدّ من استعمال
ثقب الأنف وردّ الناصور الى مجرى الأنف على ما سيأتى فى موضعه
الأخصّ به،</p>, para_counter: 37, s_counter: 94
INFO:__main__:arabic_lines: ['اذا عالجت الناصور بما ذكرنا فى تقاسيم الأمراض فلم ينجع علاجك', 'فينبغى أن يكوى على هذه الصفة،', 'تأمر العليل أن يضع رأسه فى حجرك ويمسك رأسه خادم بين يديك إمساكا لايتحرّك ولا يضظرب برأسه', 'ثمّ تضع قطنة مبلولة فى بياض البيض او فى لعاب البرزقطونا على عينيه', 'ثمّ تحمى المكواة التى هذه صورتها:', 'تكون مجوّفة كهيئة انبوبة ريش النسر من الطرف الواحد الذى يكون به الكىّ', 'وإن شئت أن تكون منفوذة الطرف الآخر', 'وإن شئت كانت مصمتة كالمرود الّا أنّ هذه المجوّفة أفضل لعملك إن شاء الله،', 'ثمّ تعصر الناصور إن كان مفتوحا وتخرج منه المدّة وتنشفه', 'او كان غير مفتوح فتفتحه وتستخرج قيحه', 'ثمّ تضع حينئذ عليه المكواة وهى حامية جدّا', 'فتمسك بها يدك حتّى تصل الى العظم', 'وأبعد يدك قليلا عند الكىّ من العين الى ناحية الانف لئلّا تخطئ يدك او يقلق العليل فتقع المكواة فى شحمة العين فتفسدها،', 'فإن وصلت فى أوّل كيّة الى العظم وإلّا فأعد المكواة مرّة ثانية إن احتجت الى ذلك', 'واتركه ثلاثة ايّام ثمّ احمل عليه قطنة بالسمن وعالجه بالمرهم المجفّف حتّى يبرأ،', 'فإن مضى له أربعون يوما ولم يبرأ فاحمل عليه الدواء الحادّ الأكّال حتى ينكشف العظم واجرده على ما سيأتى ذكره فى بابه إن شاء الله،', 'وجه آخر من كىّ الناصور ذكره بعض الاوائل،', 'تعمد الى موضع الناصور تشقّه', 'ثم تضع فى نفس الشقّ قمعا رقيقا هذه صورته:', 'وتصبّ فيه قدر وزن درهم رصاصا مذابا', 'وتمسك يدك بالقمع إمساكا جيّدا مزموما ولا يتحرك العليل البتّة لئلّا يسيل الرصاص المذاب الى عينه', 'وينبغى أن تضع على عين العليل قطنة مبلولة فى بياض البيض او فى الماء', 'فإنّ الرصاص يحرق موضع الناصور ويبرئه برءا عجيبا،', 'فإن برئ الناصور بما ذكرنا من الكىّ والعلاج وإلّا فلا بدّ من استعمال ثقب الأنف وردّ الناصور الى مجرى الأنف على ما سيأتى فى موضعه الأخصّ به،']
INFO:__main__:no. arabic lines: 24
INFO:__main__:total length of arabic lines: 1522
INFO:__main__:total length of input para: 1523
INFO:__main__:cleaned length of arabic lines: 1186
INFO:__main__:cleaned length of input para: 1187
INFO:__main__:arabic_lines: ['اذا عالجت الناصور بما ذكرنا فى تقاسيم الأمراض فلم ينجع علاجك فينبغى أن يكوى على هذه الصفة،', 'تأمر العليل أن يضع رأسه فى حجرك ويمسك رأسه خادم بين يديك إمساكا لايتحرّك ولا يضظرب برأسه', 'ثمّ تضع قطنة مبلولة فى بياض البيض او فى لعاب البرزقطونا على عينيه', 'ثمّ تحمى المكواة التى هذه صورتها: تكون مجوّفة كهيئة انبوبة ريش النسر من الطرف الواحد الذى يكون به الكىّ', 'وإن شئت أن تكون منفوذة الطرف الآخر وإن شئت كانت مصمتة كالمرود الّا أنّ هذه المجوّفة أفضل لعملك إن شاء الله،', 'ثمّ تعصر الناصور إن كان مفتوحا وتخرج منه المدّة وتنشفه او كان غير مفتوح فتفتحه وتستخرج قيحه', 'ثمّ تضع حينئذ عليه المكواة وهى حامية جدّا فتمسك بها يدك حتّى تصل الى العظم وأبعد يدك قليلا عند الكىّ من العين الى ناحية الانف لئلّا تخطئ يدك او يقلق العليل فتقع المكواة فى شحمة العين فتفسدها،', 'فإن وصلت فى أوّل كيّة الى العظم وإلّا فأعد المكواة مرّة ثانية إن احتجت الى ذلك واتركه ثلاثة ايّام ثمّ احمل عليه قطنة بالسمن وعالجه بالمرهم المجفّف حتّى يبرأ،', 'فإن مضى له أربعون يوما ولم يبرأ فاحمل عليه الدواء الحادّ الأكّال حتى ينكشف العظم واجرده على ما سيأتى ذكره فى بابه إن شاء الله،', 'وجه آخر من كىّ الناصور ذكره بعض الاوائل،', 'تعمد الى موضع الناصور تشقّه ثم تضع فى نفس الشقّ قمعا رقيقا هذه صورته:', 'وتصبّ فيه قدر وزن درهم رصاصا مذابا وتمسك يدك بالقمع إمساكا جيّدا مزموما ولا يتحرك العليل البتّة لئلّا يسيل الرصاص المذاب الى عينه', 'وينبغى أن تضع على عين العليل قطنة مبلولة فى بياض البيض او فى الماء فإنّ الرصاص يحرق موضع الناصور ويبرئه برءا عجيبا،', 'فإن برئ الناصور بما ذكرنا من الكىّ والعلاج وإلّا فلا بدّ من استعمال ثقب الأنف وردّ الناصور الى مجرى الأنف على ما سيأتى فى موضعه الأخصّ به،']
INFO:__main__:no. arabic lines: 14
INFO:__main__:total length of arabic lines: 1522
INFO:__main__:total length of input para: 1523
INFO:__main__:cleaned length of arabic lines: 1186
INFO:__main__:cleaned length of input para: 1187
INFO:__main__:arabic_lines: ['اذا عالجت الناصور بما ذكرنا فى تقاسيم الأمراض فلم ينجع علاجك فينبغى أن يكوى على هذه الصفة،', 'تأمر العليل أن يضع رأسه فى حجرك ويمسك رأسه خادم بين يديك إمساكا لايتحرّك ولا يضظرب برأسه', 'ثمّ تضع قطنة مبلولة فى بياض البيض او فى لعاب البرزقطونا على عينيه', 'ثمّ تحمى المكواة التى هذه صورتها: تكون مجوّفة كهيئة انبوبة ريش النسر من الطرف الواحد الذى يكون به الكىّ وإن شئت أن تكون منفوذة الطرف الآخر وإن شئت كانت مصمتة كالمرود الّا أنّ هذه المجوّفة أفضل لعملك إن شاء الله،', 'ثمّ تعصر الناصور إن كان مفتوحا وتخرج منه المدّة وتنشفه او كان غير مفتوح فتفتحه وتستخرج قيحه', 'ثمّ تضع حينئذ عليه المكواة وهى حامية جدّا فتمسك بها يدك حتّى تصل الى العظم وأبعد يدك قليلا عند الكىّ من العين الى ناحية الانف لئلّا تخطئ يدك او يقلق العليل فتقع المكواة فى شحمة العين فتفسدها،', 'فإن وصلت فى أوّل كيّة الى العظم وإلّا فأعد المكواة مرّة ثانية إن احتجت الى ذلك واتركه ثلاثة ايّام ثمّ احمل عليه قطنة بالسمن وعالجه بالمرهم المجفّف حتّى يبرأ،', 'فإن مضى له أربعون يوما ولم يبرأ فاحمل عليه الدواء الحادّ الأكّال حتى ينكشف العظم واجرده على ما سيأتى ذكره فى بابه إن شاء الله،', 'وجه آخر من كىّ الناصور ذكره بعض الاوائل،', 'تعمد الى موضع الناصور تشقّه ثم تضع فى نفس الشقّ قمعا رقيقا هذه صورته:', 'وتصبّ فيه قدر وزن درهم رصاصا مذابا وتمسك يدك بالقمع إمساكا جيّدا مزموما ولا يتحرك العليل البتّة لئلّا يسيل الرصاص المذاب الى عينه', 'وينبغى أن تضع على عين العليل قطنة مبلولة فى بياض البيض او فى الماء فإنّ الرصاص يحرق موضع الناصور ويبرئه برءا عجيبا،', 'فإن برئ الناصور بما ذكرنا من الكىّ والعلاج وإلّا فلا بدّ من استعمال ثقب الأنف وردّ الناصور الى مجرى الأنف على ما سيأتى فى موضعه الأخصّ به،']
INFO:__main__:no. arabic lines: 13
INFO:__main__:total length of arabic lines: 1522
INFO:__main__:total length of input para: 1523
INFO:__main__:cleaned length of arabic lines: 1186
INFO:__main__:cleaned length of input para: 1187
INFO:__main__:arabic_lines: ['اذا عالجت الناصور بما ذكرنا فى تقاسيم الأمراض فلم ينجع علاجك فينبغى أن يكوى على هذه الصفة،', 'تأمر العليل أن يضع رأسه فى حجرك ويمسك رأسه خادم بين يديك إمساكا لايتحرّك ولا يضظرب برأسه', 'ثمّ تضع قطنة مبلولة فى بياض البيض او فى لعاب البرزقطونا على عينيه', 'ثمّ تحمى المكواة التى هذه صورتها: تكون مجوّفة كهيئة انبوبة ريش النسر من الطرف الواحد الذى يكون به الكىّ', 'وإن شئت أن تكون منفوذة الطرف الآخر وإن شئت كانت مصمتة كالمرود الّا أنّ هذه المجوّفة أفضل لعملك إن شاء الله،', 'ثمّ تعصر الناصور إن كان مفتوحا وتخرج منه المدّة وتنشفه او كان غير مفتوح فتفتحه وتستخرج قيحه', 'ثمّ تضع حينئذ عليه المكواة وهى حامية جدّا فتمسك بها يدك حتّى تصل الى العظم وأبعد يدك قليلا عند الكىّ من العين الى ناحية الانف لئلّا تخطئ يدك او يقلق العليل فتقع المكواة فى شحمة العين فتفسدها،', 'فإن وصلت فى أوّل كيّة الى العظم وإلّا فأعد المكواة مرّة ثانية إن احتجت الى ذلك واتركه ثلاثة ايّام ثمّ احمل عليه قطنة بالسمن وعالجه بالمرهم المجفّف حتّى يبرأ،', 'فإن مضى له أربعون يوما ولم يبرأ فاحمل عليه الدواء الحادّ الأكّال حتى ينكشف العظم واجرده على ما سيأتى ذكره فى بابه إن شاء الله،', 'وجه آخر من كىّ الناصور ذكره بعض الاوائل،', 'تعمد الى موضع الناصور تشقّه ثم تضع فى نفس الشقّ قمعا رقيقا هذه صورته:', 'وتصبّ فيه قدر وزن درهم رصاصا مذابا وتمسك يدك بالقمع إمساكا جيّدا مزموما ولا يتحرك العليل البتّة لئلّا يسيل الرصاص المذاب الى عينه', 'وينبغى أن تضع على عين العليل قطنة مبلولة فى بياض البيض او فى الماء فإنّ الرصاص يحرق موضع الناصور ويبرئه برءا عجيبا،', 'فإن برئ الناصور بما ذكرنا من الكىّ والعلاج وإلّا فلا بدّ من استعمال ثقب الأنف وردّ الناصور الى مجرى الأنف على ما سيأتى فى موضعه الأخصّ به،']
INFO:__main__:no. arabic lines: 14
INFO:__main__:total length of arabic lines: 1522
INFO:__main__:total length of input para: 1523
INFO:__main__:cleaned length of arabic lines: 1186
INFO:__main__:cleaned length of input para: 1187
INFO:__main__:arabic_lines: ['اذا عالجت الناصور بما ذكرنا فى تقاسيم الأمراض فلم ينجع علاجك فينبغى أن يكوى على هذه الصفة،', 'تأمر العليل أن يضع رأسه فى حجرك ويمسك رأسه خادم بين يديك إمساكا لايتحرّك ولا يضظرب برأسه', 'ثمّ تضع قطنة مبلولة فى بياض البيض او فى لعاب البرزقطونا على عينيه', 'ثمّ تحمى المكواة التى هذه صورتها: تكون مجوّفة كهيئة انبوبة ريش النسر من الطرف الواحد الذى يكون به الكىّ', 'وإن شئت أن تكون منفوذة الطرف الآخر وإن شئت كانت مصمتة كالمرود الّا أنّ هذه المجوّفة أفضل لعملك إن شاء الله،', 'ثمّ تعصر الناصور إن كان مفتوحا وتخرج منه المدّة وتنشفه او كان غير مفتوح فتفتحه وتستخرج قيحه', 'ثمّ تضع حينئذ عليه المكواة وهى حامية جدّا فتمسك بها يدك حتّى تصل الى العظم', 'وأبعد يدك قليلا عند الكىّ من العين الى ناحية الانف لئلّا تخطئ يدك او يقلق العليل فتقع المكواة فى شحمة العين فتفسدها،', 'فإن وصلت فى أوّل كيّة الى العظم وإلّا فأعد المكواة مرّة ثانية إن احتجت الى ذلك', 'واتركه ثلاثة ايّام ثمّ احمل عليه قطنة بالسمن وعالجه بالمرهم المجفّف حتّى يبرأ،', 'فإن مضى له أربعون يوما ولم يبرأ فاحمل عليه الدواء الحادّ الأكّال حتى ينكشف العظم واجرده على ما سيأتى ذكره فى بابه إن شاء الله،', 'وجه آخر من كىّ الناصور ذكره بعض الاوائل،', 'تعمد الى موضع الناصور تشقّه ثم تضع فى نفس الشقّ قمعا رقيقا هذه صورته:', 'وتصبّ فيه قدر وزن درهم رصاصا مذابا وتمسك يدك بالقمع إمساكا جيّدا مزموما ولا يتحرك العليل البتّة لئلّا يسيل الرصاص المذاب الى عينه', 'وينبغى أن تضع على عين العليل قطنة مبلولة فى بياض البيض او فى الماء', 'فإنّ الرصاص يحرق موضع الناصور ويبرئه برءا عجيبا،', 'فإن برئ الناصور بما ذكرنا من الكىّ والعلاج وإلّا فلا بدّ من استعمال ثقب الأنف وردّ الناصور الى مجرى الأنف على ما سيأتى فى موضعه الأخصّ به،']
INFO:__main__:no. arabic lines: 17
INFO:__main__:total length of arabic lines: 1522
INFO:__main__:total length of input para: 1523
INFO:__main__:cleaned length of arabic lines: 1186
INFO:__main__:cleaned length of input para: 1187
INFO:__main__:para: <p id="p037">اذا عالجت الناصور بما ذكرنا فى تقاسيم الأمراض فلم ينجع
علاجك فينبغى أن يكوى على هذه الصفة، تأمر العليل أن يضع رأسه
فى حجرك ويمسك رأسه خادم بين يديك إمساكا لايتحرّك ولا يضظرب
برأسه ثمّ تضع قطنة مبلولة فى بياض البيض او فى لعاب البرزقطونا
على عينيه ثمّ تحمى المكواة التى هذه صورتها:

تكون مجوّفة كهيئة انبوبة ريش النسر من الطرف الواحد الذى يكون
به الكىّ وإن شئت أن تكون منفوذة الطرف الآخر وإن شئت كانت
مصمتة كالمرود الّا أنّ هذه المجوّفة أفضل لعملك إن شاء الله، ثمّ
تعصر الناصور إن كان مفتوحا وتخرج منه المدّة وتنشفه او كان غير
مفتوح فتفتحه وتستخرج قيحه ثمّ تضع حينئذ عليه المكواة وهى حامية
جدّا فتمسك بها يدك حتّى تصل الى العظم وأبعد يدك قليلا عند
الكىّ من العين الى ناحية الانف لئلّا تخطئ يدك او يقلق العليل
فتقع المكواة فى شحمة العين فتفسدها، فإن وصلت فى أوّل كيّة


الى العظم وإلّا فأعد المكواة مرّة ثانية إن احتجت الى ذلك واتركه ثلاثة
ايّام ثمّ احمل عليه قطنة بالسمن وعالجه بالمرهم المجفّف حتّى يبرأ،
فإن مضى له أربعون يوما ولم يبرأ فاحمل عليه الدواء الحادّ الأكّال
حتى ينكشف العظم واجرده على ما سيأتى ذكره فى بابه إن شاء
الله، ووجه آخر من كىّ الناصور ذكره بعض الاوائل، تعمد الى
موضع الناصور تشقّه ثم تضع فى نفس الشقّ قمعا رقيقا هذه صورته:

وتصبّ فيه قدر وزن درهم رصاصا مذابا وتمسك يدك بالقمع إمساكا
جيّدا مزموما ولا يتحرك العليل البتّة لئلّا يسيل الرصاص المذاب الى
عينه وينبغى أن تضع على عين العليل قطنة مبلولة فى بياض البيض او
فى الماء فإنّ الرصاص يحرق موضع الناصور ويبرئه برءا عجيبا، فإن
برئ الناصور بما ذكرنا من الكىّ والعلاج وإلّا فلا بدّ من استعمال
ثقب الأنف وردّ الناصور الى مجرى الأنف على ما سيأتى فى موضعه
الأخصّ به،</p>, para_counter: 37, s_counter: 1
INFO:__main__:arabic_lines: ['اذا عالجت الناصور بما ذكرنا فى تقاسيم الأمراض فلم ينجع علاجك فينبغى أن يكوى على هذه الصفة،', 'تأمر العليل أن يضع رأسه فى حجرك ويمسك رأسه خادم بين يديك إمساكا لايتحرّك ولا يضظرب برأسه', 'ثمّ تضع قطنة مبلولة فى بياض البيض او فى لعاب البرزقطونا على عينيه', 'ثمّ تحمى المكواة التى هذه صورتها: تكون مجوّفة كهيئة انبوبة ريش النسر من الطرف الواحد الذى يكون به الكىّ', 'وإن شئت أن تكون منفوذة الطرف الآخر وإن شئت كانت مصمتة كالمرود الّا أنّ هذه المجوّفة أفضل لعملك إن شاء الله،', 'ثمّ تعصر الناصور إن كان مفتوحا وتخرج منه المدّة وتنشفه او كان غير مفتوح فتفتحه وتستخرج قيحه', 'ثمّ تضع حينئذ عليه المكواة وهى حامية جدّا فتمسك بها يدك حتّى تصل الى العظم وأبعد يدك قليلا عند الكىّ من العين الى ناحية الانف لئلّا تخطئ يدك او يقلق العليل فتقع المكواة فى شحمة العين فتفسدها،', 'فإن وصلت فى أوّل كيّة الى العظم وإلّا فأعد المكواة مرّة ثانية إن احتجت الى ذلك واتركه ثلاثة ايّام ثمّ احمل عليه قطنة بالسمن وعالجه بالمرهم المجفّف حتّى يبرأ،', 'فإن مضى له أربعون يوما ولم يبرأ فاحمل عليه الدواء الحادّ الأكّال حتى ينكشف العظم واجرده على ما سيأتى ذكره فى بابه إن شاء الله،', 'وجه آخر من كىّ الناصور ذكره بعض الاوائل،', 'تعمد الى موضع الناصور تشقّه ثم تضع فى نفس الشقّ قمعا رقيقا هذه صورته:', 'وتصبّ فيه قدر وزن درهم رصاصا مذابا وتمسك يدك بالقمع إمساكا جيّدا مزموما ولا يتحرك العليل البتّة لئلّا يسيل الرصاص المذاب الى عينه', 'وينبغى أن تضع على عين العليل قطنة مبلولة فى بياض البيض او فى الماء فإنّ الرصاص يحرق موضع الناصور ويبرئه برءا عجيبا،', 'فإن برئ الناصور بما ذكرنا من الكىّ والعلاج وإلّا فلا بدّ من استعمال ثقب الأنف وردّ الناصور الى مجرى الأنف على ما سيأتى فى موضعه الأخصّ به،']
INFO:__main__:no. arabic lines: 14
INFO:__main__:total length of arabic lines: 1522
INFO:__main__:total length of input para: 1523
INFO:__main__:cleaned length of arabic lines: 1186
INFO:__main__:cleaned length of input para: 1187
INFO:__main__:arabic_lines: ['اذا عالجت الناصور بما ذكرنا فى تقاسيم الأمراض فلم ينجع علاجك فينبغى أن يكوى على هذه الصفة،', 'تأمر العليل أن يضع رأسه فى حجرك ويمسك رأسه خادم بين يديك إمساكا لايتحرّك ولا يضظرب برأسه', 'ثمّ تضع قطنة مبلولة فى بياض البيض او فى لعاب البرزقطونا على عينيه', 'ثمّ تحمى المكواة التى هذه صورتها: تكون مجوّفة كهيئة انبوبة ريش النسر من الطرف الواحد الذى يكون به الكىّ', 'وإن شئت أن تكون منفوذة الطرف الآخر', 'وإن شئت كانت مصمتة كالمرود الّا أنّ هذه المجوّفة أفضل لعملك إن شاء الله،', 'ثمّ تعصر الناصور إن كان مفتوحا وتخرج منه المدّة وتنشفه', 'او كان غير مفتوح فتفتحه وتستخرج قيحه', 'ثمّ تضع حينئذ عليه المكواة وهى حامية جدّا فتمسك بها يدك حتّى تصل الى العظم', 'وأبعد يدك قليلا عند الكىّ من العين الى ناحية الانف لئلّا تخطئ يدك او يقلق العليل فتقع المكواة فى شحمة العين فتفسدها،', 'فإن وصلت فى أوّل كيّة الى العظم وإلّا فأعد المكواة مرّة ثانية إن احتجت الى ذلك', 'واتركه ثلاثة ايّام ثمّ احمل عليه قطنة بالسمن وعالجه بالمرهم المجفّف حتّى يبرأ،', 'فإن مضى له أربعون يوما ولم يبرأ فاحمل عليه الدواء الحادّ الأكّال حتى ينكشف العظم واجرده على ما سيأتى ذكره فى بابه إن شاء الله،', 'وجه آخر من كىّ الناصور ذكره بعض الاوائل،', 'تعمد الى موضع الناصور تشقّه', 'ثم تضع فى نفس الشقّ قمعا رقيقا هذه صورته:', 'وتصبّ فيه قدر وزن درهم رصاصا مذابا', 'وتمسك يدك بالقمع إمساكا جيّدا مزموما ولا يتحرك العليل البتّة لئلّا يسيل الرصاص المذاب الى عينه', 'وينبغى أن تضع على عين العليل قطنة مبلولة فى بياض البيض او فى الماء', 'فإنّ الرصاص يحرق موضع الناصور ويبرئه برءا عجيبا،', 'فإن برئ الناصور بما ذكرنا من الكىّ والعلاج وإلّا فلا بدّ من استعمال ثقب الأنف وردّ الناصور الى مجرى الأنف على ما سيأتى فى موضعه الأخصّ به،']
INFO:__main__:no. arabic lines: 21
INFO:__main__:total length of arabic lines: 1522
INFO:__main__:total length of input para: 1523
INFO:__main__:cleaned length of arabic lines: 1186
INFO:__main__:cleaned length of input para: 1187
INFO:__main__:arabic_lines: ['اذا عالجت الناصور بما ذكرنا فى تقاسيم الأمراض فلم ينجع علاجك فينبغى أن يكوى على هذه الصفة،', 'تأمر العليل أن يضع رأسه فى حجرك ويمسك رأسه خادم بين يديك إمساكا لايتحرّك ولا يضظرب برأسه', 'ثمّ تضع قطنة مبلولة فى بياض البيض او فى لعاب البرزقطونا على عينيه', 'ثمّ تحمى المكواة التى هذه صورتها: تكون مجوّفة كهيئة انبوبة ريش النسر من الطرف الواحد الذى يكون به الكىّ', 'وإن شئت أن تكون منفوذة الطرف الآخر وإن شئت كانت مصمتة كالمرود الّا أنّ هذه المجوّفة أفضل لعملك إن شاء الله،', 'ثمّ تعصر الناصور إن كان مفتوحا وتخرج منه المدّة وتنشفه او كان غير مفتوح فتفتحه وتستخرج قيحه', 'ثمّ تضع حينئذ عليه المكواة وهى حامية جدّا فتمسك بها يدك حتّى تصل الى العظم وأبعد يدك قليلا عند الكىّ من العين الى ناحية الانف لئلّا تخطئ يدك او يقلق العليل فتقع المكواة فى شحمة العين فتفسدها،', 'فإن وصلت فى أوّل كيّة الى العظم وإلّا فأعد المكواة مرّة ثانية إن احتجت الى ذلك واتركه ثلاثة ايّام', 'ثمّ احمل عليه قطنة بالسمن وعالجه بالمرهم المجفّف حتّى يبرأ،', 'فإن مضى له أربعون يوما ولم يبرأ فاحمل عليه الدواء الحادّ الأكّال حتى ينكشف العظم واجرده على ما سيأتى ذكره فى بابه إن شاء الله،', 'وجه آخر من كىّ الناصور ذكره بعض الاوائل،', 'تعمد الى موضع الناصور تشقّه ثم تضع فى نفس الشقّ قمعا رقيقا هذه صورته:', 'وتصبّ فيه قدر وزن درهم رصاصا مذابا وتمسك يدك بالقمع إمساكا جيّدا مزموما ولا يتحرك العليل البتّة لئلّا يسيل الرصاص المذاب الى عينه', 'وينبغى أن تضع على عين العليل قطنة مبلولة فى بياض البيض او فى الماء فإنّ الرصاص يحرق موضع الناصور ويبرئه برءا عجيبا،', 'فإن برئ الناصور بما ذكرنا من الكىّ والعلاج وإلّا فلا بدّ من استعمال ثقب الأنف وردّ الناصور الى مجرى الأنف على ما سيأتى فى موضعه الأخصّ به،']
INFO:__main__:no. arabic lines: 15
INFO:__main__:total length of arabic lines: 1522
INFO:__main__:total length of input para: 1523
INFO:__main__:cleaned length of arabic lines: 1186
INFO:__main__:cleaned length of input para: 1187
INFO:__main__:arabic_lines: ['اذا عالجت الناصور بما ذكرنا فى تقاسيم الأمراض فلم ينجع علاجك فينبغى أن يكوى على هذه الصفة،', 'تأمر العليل أن يضع رأسه فى حجرك ويمسك رأسه خادم بين يديك إمساكا لايتحرّك ولا يضظرب برأسه', 'ثمّ تضع قطنة مبلولة فى بياض البيض او فى لعاب البرزقطونا على عينيه', 'ثمّ تحمى المكواة التى هذه صورتها: تكون مجوّفة كهيئة انبوبة ريش النسر من الطرف الواحد الذى يكون به الكىّ وإن شئت أن تكون منفوذة الطرف الآخر وإن شئت كانت مصمتة كالمرود الّا أنّ هذه المجوّفة أفضل لعملك إن شاء الله،', 'ثمّ تعصر الناصور إن كان مفتوحا وتخرج منه المدّة وتنشفه او كان غير مفتوح فتفتحه وتستخرج قيحه', 'ثمّ تضع حينئذ عليه المكواة وهى حامية جدّا فتمسك بها يدك حتّى تصل الى العظم وأبعد يدك قليلا عند الكىّ من العين الى ناحية الانف لئلّا تخطئ يدك او يقلق العليل فتقع المكواة فى شحمة العين فتفسدها،', 'فإن وصلت فى أوّل كيّة الى العظم وإلّا فأعد المكواة مرّة ثانية إن احتجت الى ذلك واتركه ثلاثة ايّام ثمّ احمل عليه قطنة بالسمن وعالجه بالمرهم المجفّف حتّى يبرأ،', 'فإن مضى له أربعون يوما ولم يبرأ فاحمل عليه الدواء الحادّ الأكّال حتى ينكشف العظم واجرده على ما سيأتى ذكره فى بابه إن شاء الله،', 'وجه آخر من كىّ الناصور ذكره بعض الاوائل،', 'تعمد الى موضع الناصور تشقّه ثم تضع فى نفس الشقّ قمعا رقيقا هذه صورته:', 'وتصبّ فيه قدر وزن درهم رصاصا مذابا وتمسك يدك بالقمع إمساكا جيّدا مزموما ولا يتحرك العليل البتّة لئلّا يسيل الرصاص المذاب الى عينه', 'وينبغى أن تضع على عين العليل قطنة مبلولة فى بياض البيض او فى الماء فإنّ الرصاص يحرق موضع الناصور ويبرئه برءا عجيبا،', 'فإن برئ الناصور بما ذكرنا من الكىّ والعلاج وإلّا فلا بدّ من استعمال ثقب الأنف وردّ الناصور الى مجرى الأنف على ما سيأتى فى موضعه الأخصّ به،']
INFO:__main__:no. arabic lines: 13
INFO:__main__:total length of arabic lines: 1522
INFO:__main__:total length of input para: 1523
INFO:__main__:cleaned length of arabic lines: 1186
INFO:__main__:cleaned length of input para: 1187
INFO:__main__:arabic_lines: ['اذا عالجت الناصور بما ذكرنا فى تقاسيم الأمراض فلم ينجع علاجك فينبغى أن يكوى على هذه الصفة،', 'تأمر العليل أن يضع رأسه فى حجرك ويمسك رأسه خادم بين يديك إمساكا لايتحرّك ولا يضظرب برأسه', 'ثمّ تضع قطنة مبلولة فى بياض البيض او فى لعاب البرزقطونا على عينيه', 'ثمّ تحمى المكواة التى هذه صورتها: تكون مجوّفة كهيئة انبوبة ريش النسر من الطرف الواحد الذى يكون به الكىّ', 'وإن شئت أن تكون منفوذة الطرف الآخر وإن شئت كانت مصمتة كالمرود الّا أنّ هذه المجوّفة أفضل لعملك إن شاء الله،', 'ثمّ تعصر الناصور إن كان مفتوحا وتخرج منه المدّة وتنشفه او كان غير مفتوح فتفتحه وتستخرج قيحه', 'ثمّ تضع حينئذ عليه المكواة وهى حامية جدّا فتمسك بها يدك حتّى تصل الى العظم وأبعد يدك قليلا عند الكىّ من العين الى ناحية الانف لئلّا تخطئ يدك او يقلق العليل فتقع المكواة فى شحمة العين فتفسدها،', 'فإن وصلت فى أوّل كيّة الى العظم وإلّا فأعد المكواة مرّة ثانية إن احتجت الى ذلك واتركه ثلاثة ايّام ثمّ احمل عليه قطنة بالسمن وعالجه بالمرهم المجفّف حتّى يبرأ،', 'فإن مضى له أربعون يوما ولم يبرأ فاحمل عليه الدواء الحادّ الأكّال حتى ينكشف العظم واجرده على ما سيأتى ذكره فى بابه إن شاء الله،', 'وجه آخر من كىّ الناصور ذكره بعض الاوائل،', 'تعمد الى موضع الناصور تشقّه ثم تضع فى نفس الشقّ قمعا رقيقا هذه صورته:', 'وتصبّ فيه قدر وزن درهم رصاصا مذابا وتمسك يدك بالقمع إمساكا جيّدا مزموما ولا يتحرك العليل البتّة لئلّا يسيل الرصاص المذاب الى عينه', 'وينبغى أن تضع على عين العليل قطنة مبلولة فى بياض البيض او فى الماء فإنّ الرصاص يحرق موضع الناصور ويبرئه برءا عجيبا،', 'فإن برئ الناصور بما ذكرنا من الكىّ والعلاج وإلّا فلا بدّ من استعمال ثقب الأنف وردّ الناصور الى مجرى الأنف على ما سيأتى فى موضعه الأخصّ به،']
INFO:__main__:no. arabic lines: 14
INFO:__main__:total length of arabic lines: 1522
INFO:__main__:total length of input para: 1523
INFO:__main__:cleaned length of arabic lines: 1186
INFO:__main__:cleaned length of input para: 1187
INFO:__main__:arabic_lines: ['اذا عالجت الناصور بما ذكرنا فى تقاسيم الأمراض فلم ينجع علاجك فينبغى أن يكوى على هذه الصفة،', 'تأمر العليل أن يضع رأسه فى حجرك ويمسك رأسه خادم بين يديك إمساكا لايتحرّك ولا يضظرب برأسه', 'ثمّ تضع قطنة مبلولة فى بياض البيض او فى لعاب البرزقطونا على عينيه', 'ثمّ تحمى المكواة التى هذه صورتها: تكون مجوّفة كهيئة انبوبة ريش النسر من الطرف الواحد الذى يكون به الكىّ وإن شئت أن تكون منفوذة الطرف الآخر وإن شئت كانت مصمتة كالمرود الّا أنّ هذه المجوّفة أفضل لعملك إن شاء الله،', 'ثمّ تعصر الناصور إن كان مفتوحا وتخرج منه المدّة وتنشفه او كان غير مفتوح فتفتحه وتستخرج قيحه', 'ثمّ تضع حينئذ عليه المكواة وهى حامية جدّا فتمسك بها يدك حتّى تصل الى العظم وأبعد يدك قليلا عند الكىّ من العين الى ناحية الانف لئلّا تخطئ يدك او يقلق العليل فتقع المكواة فى شحمة العين فتفسدها،', 'فإن وصلت فى أوّل كيّة الى العظم وإلّا فأعد المكواة مرّة ثانية إن احتجت الى ذلك واتركه ثلاثة ايّام ثمّ احمل عليه قطنة بالسمن وعالجه بالمرهم المجفّف حتّى يبرأ،', 'فإن مضى له أربعون يوما ولم يبرأ فاحمل عليه الدواء الحادّ الأكّال حتى ينكشف العظم واجرده على ما سيأتى ذكره فى بابه إن شاء الله،', 'وجه آخر من كىّ الناصور ذكره بعض الاوائل،', 'تعمد الى موضع الناصور تشقّه ثم تضع فى نفس الشقّ قمعا رقيقا هذه صورته:', 'وتصبّ فيه قدر وزن درهم رصاصا مذابا وتمسك يدك بالقمع إمساكا جيّدا مزموما ولا يتحرك العليل البتّة لئلّا يسيل الرصاص المذاب الى عينه', 'وينبغى أن تضع على عين العليل قطنة مبلولة فى بياض البيض او فى الماء فإنّ الرصاص يحرق موضع الناصور ويبرئه برءا عجيبا،', 'فإن برئ الناصور بما ذكرنا من الكىّ والعلاج وإلّا فلا بدّ من استعمال ثقب الأنف وردّ الناصور الى مجرى الأنف على ما سيأتى فى موضعه الأخصّ به،']
INFO:__main__:no. arabic lines: 13
INFO:__main__:total length of arabic lines: 1522
INFO:__main__:total length of input para: 1523
INFO:__main__:cleaned length of arabic lines: 1186
INFO:__main__:cleaned length of input para: 1187
INFO:__main__:arabic_lines: ['اذا عالجت الناصور بما ذكرنا فى تقاسيم الأمراض فلم ينجع علاجك فينبغى أن يكوى على هذه الصفة،', 'تأمر العليل أن يضع رأسه فى حجرك ويمسك رأسه خادم بين يديك إمساكا لايتحرّك ولا يضظرب برأسه', 'ثمّ تضع قطنة مبلولة فى بياض البيض او فى لعاب البرزقطونا على عينيه', 'ثمّ تحمى المكواة التى هذه صورتها: تكون مجوّفة كهيئة انبوبة ريش النسر من الطرف الواحد الذى يكون به الكىّ', 'وإن شئت أن تكون منفوذة الطرف الآخر وإن شئت كانت مصمتة كالمرود الّا أنّ هذه المجوّفة أفضل لعملك إن شاء الله،', 'ثمّ تعصر الناصور إن كان مفتوحا وتخرج منه المدّة وتنشفه او كان غير مفتوح فتفتحه وتستخرج قيحه', 'ثمّ تضع حينئذ عليه المكواة وهى حامية جدّا فتمسك بها يدك حتّى تصل الى العظم وأبعد يدك قليلا عند الكىّ من العين الى ناحية الانف لئلّا تخطئ يدك او يقلق العليل فتقع المكواة فى شحمة العين فتفسدها،', 'فإن وصلت فى أوّل كيّة الى العظم وإلّا فأعد المكواة مرّة ثانية إن احتجت الى ذلك واتركه ثلاثة ايّام ثمّ احمل عليه قطنة بالسمن وعالجه بالمرهم المجفّف حتّى يبرأ،', 'فإن مضى له أربعون يوما ولم يبرأ فاحمل عليه الدواء الحادّ الأكّال حتى ينكشف العظم واجرده على ما سيأتى ذكره فى بابه إن شاء الله،', 'وجه آخر من كىّ الناصور ذكره بعض الاوائل،', 'تعمد الى موضع الناصور تشقّه ثم تضع فى نفس الشقّ قمعا رقيقا هذه صورته:', 'وتصبّ فيه قدر وزن درهم رصاصا مذابا وتمسك يدك بالقمع إمساكا جيّدا مزموما ولا يتحرك العليل البتّة لئلّا يسيل الرصاص المذاب الى عينه', 'وينبغى أن تضع على عين العليل قطنة مبلولة فى بياض البيض او فى الماء فإنّ الرصاص يحرق موضع الناصور ويبرئه برءا عجيبا،', 'فإن برئ الناصور بما ذكرنا من الكىّ والعلاج وإلّا فلا بدّ من استعمال ثقب الأنف وردّ الناصور الى مجرى الأنف على ما سيأتى فى موضعه الأخصّ به،']
INFO:__main__:no. arabic lines: 14
INFO:__main__:total length of arabic lines: 1522
INFO:__main__:total length of input para: 1523
INFO:__main__:cleaned length of arabic lines: 1186
INFO:__main__:cleaned length of input para: 1187
INFO:__main__:arabic_lines: ['اذا عالجت الناصور بما ذكرنا فى تقاسيم الأمراض فلم ينجع علاجك فينبغى أن يكوى على هذه الصفة،', 'تأمر العليل أن يضع رأسه فى حجرك ويمسك رأسه خادم بين يديك إمساكا لايتحرّك ولا يضظرب برأسه', 'ثمّ تضع قطنة مبلولة فى بياض البيض او فى لعاب البرزقطونا على عينيه', 'ثمّ تحمى المكواة التى هذه صورتها: تكون مجوّفة كهيئة انبوبة ريش النسر من الطرف الواحد الذى يكون به الكىّ', 'وإن شئت أن تكون منفوذة الطرف الآخر وإن شئت كانت مصمتة كالمرود الّا أنّ هذه المجوّفة أفضل لعملك إن شاء الله،', 'ثمّ تعصر الناصور إن كان مفتوحا وتخرج منه المدّة وتنشفه او كان غير مفتوح فتفتحه وتستخرج قيحه', 'ثمّ تضع حينئذ عليه المكواة وهى حامية جدّا فتمسك بها يدك حتّى تصل الى العظم وأبعد يدك قليلا عند الكىّ من العين الى ناحية الانف لئلّا تخطئ يدك او يقلق العليل فتقع المكواة فى شحمة العين فتفسدها،', 'فإن وصلت فى أوّل كيّة الى العظم وإلّا فأعد المكواة مرّة ثانية إن احتجت الى ذلك واتركه ثلاثة ايّام ثمّ احمل عليه قطنة بالسمن وعالجه بالمرهم المجفّف حتّى يبرأ،', 'فإن مضى له أربعون يوما ولم يبرأ فاحمل عليه الدواء الحادّ الأكّال حتى ينكشف العظم واجرده على ما سيأتى ذكره فى بابه إن شاء الله،', 'وجه آخر من كىّ الناصور ذكره بعض الاوائل،', 'تعمد الى موضع الناصور تشقّه ثم تضع فى نفس الشقّ قمعا رقيقا هذه صورته:', 'وتصبّ فيه قدر وزن درهم رصاصا مذابا وتمسك يدك بالقمع إمساكا جيّدا مزموما ولا يتحرك العليل البتّة لئلّا يسيل الرصاص المذاب الى عينه', 'وينبغى أن تضع على عين العليل قطنة مبلولة فى بياض البيض او فى الماء فإنّ الرصاص يحرق موضع الناصور ويبرئه برءا عجيبا،', 'فإن برئ الناصور بما ذكرنا من الكىّ والعلاج وإلّا فلا بدّ من استعمال ثقب الأنف وردّ الناصور الى مجرى الأنف على ما سيأتى فى موضعه الأخصّ به،']
INFO:__main__:no. arabic lines: 14
INFO:__main__:total length of arabic lines: 1522
INFO:__main__:total length of input para: 1523
INFO:__main__:cleaned length of arabic lines: 1186
INFO:__main__:cleaned length of input para: 1187
INFO:__main__:arabic_lines: ['اذا عالجت الناصور بما ذكرنا فى تقاسيم الأمراض فلم ينجع علاجك فينبغى أن يكوى على هذه الصفة،', 'تأمر العليل أن يضع رأسه فى حجرك ويمسك رأسه خادم بين يديك إمساكا لايتحرّك ولا يضظرب برأسه', 'ثمّ تضع قطنة مبلولة فى بياض البيض او فى لعاب البرزقطونا على عينيه', 'ثمّ تحمى المكواة التى هذه صورتها: تكون مجوّفة كهيئة انبوبة ريش النسر من الطرف الواحد الذى يكون به الكىّ وإن شئت أن تكون منفوذة الطرف الآخر وإن شئت كانت مصمتة كالمرود الّا أنّ هذه المجوّفة أفضل لعملك إن شاء الله،', 'ثمّ تعصر الناصور إن كان مفتوحا وتخرج منه المدّة وتنشفه او كان غير مفتوح فتفتحه وتستخرج قيحه', 'ثمّ تضع حينئذ عليه المكواة وهى حامية جدّا فتمسك بها يدك حتّى تصل الى العظم وأبعد يدك قليلا عند الكىّ من العين الى ناحية الانف لئلّا تخطئ يدك او يقلق العليل فتقع المكواة فى شحمة العين فتفسدها،', 'فإن وصلت فى أوّل كيّة الى العظم وإلّا فأعد المكواة مرّة ثانية إن احتجت الى ذلك واتركه ثلاثة ايّام ثمّ احمل عليه قطنة بالسمن وعالجه بالمرهم المجفّف حتّى يبرأ،', 'فإن مضى له أربعون يوما ولم يبرأ فاحمل عليه الدواء الحادّ الأكّال حتى ينكشف العظم واجرده على ما سيأتى ذكره فى بابه إن شاء الله،', 'وجه آخر من كىّ الناصور ذكره بعض الاوائل،', 'تعمد الى موضع الناصور تشقّه ثم تضع فى نفس الشقّ قمعا رقيقا هذه صورته:', 'وتصبّ فيه قدر وزن درهم رصاصا مذابا وتمسك يدك بالقمع إمساكا جيّدا مزموما ولا يتحرك العليل البتّة لئلّا يسيل الرصاص المذاب الى عينه', 'وينبغى أن تضع على عين العليل قطنة مبلولة فى بياض البيض او فى الماء فإنّ الرصاص يحرق موضع الناصور ويبرئه برءا عجيبا،', 'فإن برئ الناصور بما ذكرنا من الكىّ والعلاج وإلّا فلا بدّ من استعمال ثقب الأنف وردّ الناصور الى مجرى الأنف على ما سيأتى فى موضعه الأخصّ به،']
INFO:__main__:no. arabic lines: 13
INFO:__main__:total length of arabic lines: 1522
INFO:__main__:total length of input para: 1523
INFO:__main__:cleaned length of arabic lines: 1186
INFO:__main__:cleaned length of input para: 1187
INFO:__main__:arabic_lines: ['اذا عالجت الناصور بما ذكرنا فى تقاسيم الأمراض فلم ينجع علاجك فينبغى أن يكوى على هذه الصفة،', 'تأمر العليل أن يضع رأسه فى حجرك ويمسك رأسه خادم بين يديك إمساكا لايتحرّك ولا يضظرب برأسه', 'ثمّ تضع قطنة مبلولة فى بياض البيض او فى لعاب البرزقطونا على عينيه', 'ثمّ تحمى المكواة التى هذه صورتها: تكون مجوّفة كهيئة انبوبة ريش النسر من الطرف الواحد الذى يكون به الكىّ وإن شئت أن تكون منفوذة الطرف الآخر وإن شئت كانت مصمتة كالمرود الّا أنّ هذه المجوّفة أفضل لعملك إن شاء الله،', 'ثمّ تعصر الناصور إن كان مفتوحا وتخرج منه المدّة وتنشفه او كان غير مفتوح فتفتحه وتستخرج قيحه', 'ثمّ تضع حينئذ عليه المكواة وهى حامية جدّا فتمسك بها يدك حتّى تصل الى العظم وأبعد يدك قليلا عند الكىّ من العين الى ناحية الانف لئلّا تخطئ يدك او يقلق العليل فتقع المكواة فى شحمة العين فتفسدها،', 'فإن وصلت فى أوّل كيّة الى العظم وإلّا فأعد المكواة مرّة ثانية إن احتجت الى ذلك واتركه ثلاثة ايّام ثمّ احمل عليه قطنة بالسمن وعالجه بالمرهم المجفّف حتّى يبرأ،', 'فإن مضى له أربعون يوما ولم يبرأ فاحمل عليه الدواء الحادّ الأكّال حتى ينكشف العظم واجرده على ما سيأتى ذكره فى بابه إن شاء الله،', 'وجه آخر من كىّ الناصور ذكره بعض الاوائل،', 'تعمد الى موضع الناصور تشقّه ثم تضع فى نفس الشقّ قمعا رقيقا هذه صورته:', 'وتصبّ فيه قدر وزن درهم رصاصا مذابا وتمسك يدك بالقمع إمساكا جيّدا مزموما ولا يتحرك العليل البتّة لئلّا يسيل الرصاص المذاب الى عينه', 'وينبغى أن تضع على عين العليل قطنة مبلولة فى بياض البيض او فى الماء فإنّ الرصاص يحرق موضع الناصور ويبرئه برءا عجيبا،', 'فإن برئ الناصور بما ذكرنا من الكىّ والعلاج وإلّا فلا بدّ من استعمال ثقب الأنف وردّ الناصور الى مجرى الأنف على ما سيأتى فى موضعه الأخصّ به،']
INFO:__main__:no. arabic lines: 13
INFO:__main__:total length of arabic lines: 1522
INFO:__main__:total length of input para: 1523
INFO:__main__:cleaned length of arabic lines: 1186
INFO:__main__:cleaned length of input para: 1187
